[INFO] Scanning for projects...
[WARNING] 
[WARNING] Some problems were encountered while building the effective model for fr.inria.gforge.spoon:spoon-core:jar:6.3.0-SNAPSHOT
[WARNING] 'build.plugins.plugin.version' for org.pitest:pitest-maven is missing. @ line 478, column 15
[WARNING] 
[WARNING] It is highly recommended to fix these problems because they threaten the stability of your build.
[WARNING] 
[WARNING] For this reason, future Maven versions might no longer support building such malformed projects.
[WARNING] 
[INFO] Inspecting build with total of 1 modules...
[INFO] Installing Nexus Staging features:
[INFO]   ... total of 1 executions of maven-deploy-plugin replaced with nexus-staging-maven-plugin
[INFO]                                                                         
[INFO] ------------------------------------------------------------------------
[INFO] Building Spoon Core 6.3.0-SNAPSHOT
[INFO] ------------------------------------------------------------------------
[INFO] 
[INFO] --- maven-enforcer-plugin:1.0:enforce (enforce-maven) @ spoon-core ---
[INFO] Skipping Rule Enforcement.
[INFO] 
[INFO] --- jacoco-maven-plugin:0.7.9:prepare-agent (default) @ spoon-core ---
[INFO] argLine set to -javaagent:/root/./workspace/INRIA/spoon/369997088/.m2/org/jacoco/org.jacoco.agent/0.7.9/org.jacoco.agent-0.7.9-runtime.jar=destfile=/root/workspace/INRIA/spoon/369997088/target/jacoco.exec
[INFO] 
[INFO] --- maven-resources-plugin:2.6:resources (default-resources) @ spoon-core ---
[INFO] Using 'UTF-8' encoding to copy filtered resources.
[INFO] Copying 3 resources
[INFO] Copying 1 resource
[INFO] 
[INFO] --- maven-compiler-plugin:3.7.0:compile (default-compile) @ spoon-core ---
[INFO] Nothing to compile - all classes are up to date
[INFO] 
[INFO] --- maven-resources-plugin:2.6:testResources (default-testResources) @ spoon-core ---
[INFO] Using 'UTF-8' encoding to copy filtered resources.
[INFO] Copying 162 resources
[INFO] 
[INFO] --- maven-compiler-plugin:3.7.0:testCompile (default-testCompile) @ spoon-core ---
[INFO] Nothing to compile - all classes are up to date
[INFO] 
[INFO] --- maven-surefire-plugin:2.20.1:test (default-test) @ spoon-core ---
[INFO] Downloading: https://repo.maven.apache.org/maven2/org/apache/maven/surefire/surefire-junit4/2.20.1/surefire-junit4-2.20.1.pom
[INFO] Downloaded: https://repo.maven.apache.org/maven2/org/apache/maven/surefire/surefire-junit4/2.20.1/surefire-junit4-2.20.1.pom (4 KB at 8.7 KB/sec)
[INFO] Downloading: https://repo.maven.apache.org/maven2/org/apache/maven/surefire/surefire-providers/2.20.1/surefire-providers-2.20.1.pom
[INFO] Downloaded: https://repo.maven.apache.org/maven2/org/apache/maven/surefire/surefire-providers/2.20.1/surefire-providers-2.20.1.pom (3 KB at 112.3 KB/sec)
[INFO] Downloading: https://repo.maven.apache.org/maven2/org/apache/maven/surefire/surefire-junit4/2.20.1/surefire-junit4-2.20.1.jar
[INFO] Downloaded: https://repo.maven.apache.org/maven2/org/apache/maven/surefire/surefire-junit4/2.20.1/surefire-junit4-2.20.1.jar (81 KB at 1385.3 KB/sec)
[INFO] 
[INFO] -------------------------------------------------------
[INFO]  T E S T S
[INFO] -------------------------------------------------------
[INFO] Running spoon.testing.CtPackageAssertTest
[INFO] Tests run: 3, Failures: 0, Errors: 0, Skipped: 0, Time elapsed: 2.485 s - in spoon.testing.CtPackageAssertTest
[INFO] Running spoon.testing.CtElementAssertTest
[INFO] Tests run: 5, Failures: 0, Errors: 0, Skipped: 0, Time elapsed: 1.788 s - in spoon.testing.CtElementAssertTest
[INFO] Running spoon.testing.AbstractAssertTest
[INFO] Tests run: 4, Failures: 0, Errors: 0, Skipped: 0, Time elapsed: 0.633 s - in spoon.testing.AbstractAssertTest
[INFO] Running spoon.testing.FileAssertTest
[INFO] Tests run: 2, Failures: 0, Errors: 0, Skipped: 0, Time elapsed: 0.156 s - in spoon.testing.FileAssertTest
[INFO] Running spoon.MavenLauncherTest
[ERROR] Tests run: 6, Failures: 2, Errors: 0, Skipped: 0, Time elapsed: 0.216 s <<< FAILURE! - in spoon.MavenLauncherTest
[ERROR] mavenLauncherTestMultiModulesAndVariables(spoon.MavenLauncherTest)  Time elapsed: 0.131 s  <<< FAILURE!
java.lang.AssertionError: Content of classpath: 
	at spoon.MavenLauncherTest.mavenLauncherTestMultiModulesAndVariables(MavenLauncherTest.java:70)

[ERROR] spoonMavenLauncherTest(spoon.MavenLauncherTest)  Time elapsed: 0.051 s  <<< FAILURE!
java.lang.AssertionError: expected:<7> but was:<0>
	at spoon.MavenLauncherTest.spoonMavenLauncherTest(MavenLauncherTest.java:19)

[INFO] Running spoon.reflect.visitor.CtScannerTest
[INFO] Tests run: 3, Failures: 0, Errors: 0, Skipped: 0, Time elapsed: 17.609 s - in spoon.reflect.visitor.CtScannerTest
[INFO] Running spoon.reflect.visitor.CtVisitorTest
[INFO] Tests run: 1, Failures: 0, Errors: 0, Skipped: 0, Time elapsed: 1.552 s - in spoon.reflect.visitor.CtVisitorTest
[INFO] Running spoon.reflect.visitor.CtInheritanceScannerTest
[INFO] Tests run: 81, Failures: 0, Errors: 0, Skipped: 0, Time elapsed: 0.802 s - in spoon.reflect.visitor.CtInheritanceScannerTest
[INFO] Running spoon.reflect.visitor.CtInheritanceScannerMethodsTest
[INFO] Tests run: 1, Failures: 0, Errors: 0, Skipped: 0, Time elapsed: 1.531 s - in spoon.reflect.visitor.CtInheritanceScannerMethodsTest
[INFO] Running spoon.reflect.declaration.CtTypeInformationTest
[INFO] Tests run: 4, Failures: 0, Errors: 0, Skipped: 0, Time elapsed: 0.746 s - in spoon.reflect.declaration.CtTypeInformationTest
[INFO] Running spoon.reflect.declaration.UnknownDeclarationTest
[INFO] Tests run: 1, Failures: 0, Errors: 0, Skipped: 0, Time elapsed: 0.04 s - in spoon.reflect.declaration.UnknownDeclarationTest
[INFO] Running spoon.reflect.ast.CloneTest
[INFO] Tests run: 5, Failures: 0, Errors: 0, Skipped: 0, Time elapsed: 17.09 s - in spoon.reflect.ast.CloneTest
[INFO] Running spoon.reflect.ast.AstCheckerTest
[INFO] Tests run: 2, Failures: 0, Errors: 0, Skipped: 0, Time elapsed: 9.737 s - in spoon.reflect.ast.AstCheckerTest
[INFO] Running spoon.test.invocations.InvocationTest
[INFO] Tests run: 3, Failures: 0, Errors: 0, Skipped: 0, Time elapsed: 0.19 s - in spoon.test.invocations.InvocationTest
[INFO] Running spoon.test.secondaryclasses.ClassesTest
[INFO] Tests run: 6, Failures: 0, Errors: 0, Skipped: 0, Time elapsed: 0.281 s - in spoon.test.secondaryclasses.ClassesTest
[INFO] Running spoon.test.replace.ReplaceParametrizedTest
[INFO] Tests run: 80, Failures: 0, Errors: 0, Skipped: 0, Time elapsed: 9.302 s - in spoon.test.replace.ReplaceParametrizedTest
[INFO] Running spoon.test.replace.ReplaceTest
[INFO] Tests run: 17, Failures: 0, Errors: 0, Skipped: 0, Time elapsed: 1.184 s - in spoon.test.replace.ReplaceTest
[INFO] Running spoon.test.compilationunit.TestCompilationUnit
[INFO] Tests run: 7, Failures: 0, Errors: 0, Skipped: 0, Time elapsed: 0.389 s - in spoon.test.compilationunit.TestCompilationUnit
[INFO] Running spoon.test.compilationunit.GetBinaryFilesTest
[INFO] Tests run: 5, Failures: 0, Errors: 0, Skipped: 0, Time elapsed: 1.025 s - in spoon.test.compilationunit.GetBinaryFilesTest
[INFO] Running spoon.test.visibility.VisibilityTest
[INFO] Tests run: 5, Failures: 0, Errors: 0, Skipped: 0, Time elapsed: 0.942 s - in spoon.test.visibility.VisibilityTest
[INFO] Running spoon.test.role.TestCtRole
[INFO] Tests run: 3, Failures: 0, Errors: 0, Skipped: 0, Time elapsed: 0.006 s - in spoon.test.role.TestCtRole
[INFO] Running spoon.test.compilation.CompilationTest
>> Hello: Bar <<
>> Hello: FooEx <<
>> Hello: IBar <<
>> Hello: SimpleProcessor <<
[INFO] Tests run: 13, Failures: 0, Errors: 0, Skipped: 0, Time elapsed: 3.732 s - in spoon.test.compilation.CompilationTest
[INFO] Running spoon.test.variable.AccessFullyQualifiedFieldTest
[INFO] Tests run: 9, Failures: 0, Errors: 0, Skipped: 0, Time elapsed: 1.18 s - in spoon.test.variable.AccessFullyQualifiedFieldTest
[INFO] Running spoon.test.variable.AccessTest
[INFO] Tests run: 8, Failures: 0, Errors: 0, Skipped: 0, Time elapsed: 0.336 s - in spoon.test.variable.AccessTest
[INFO] Running spoon.test.snippets.SnippetTest
[INFO] Tests run: 6, Failures: 0, Errors: 0, Skipped: 0, Time elapsed: 0.483 s - in spoon.test.snippets.SnippetTest
[INFO] Running spoon.test.initializers.InitializerTest
[INFO] Tests run: 2, Failures: 0, Errors: 0, Skipped: 0, Time elapsed: 0.146 s - in spoon.test.initializers.InitializerTest
[INFO] Running spoon.test.factory.TypeFactoryTest
[INFO] Tests run: 4, Failures: 0, Errors: 0, Skipped: 0, Time elapsed: 0.126 s - in spoon.test.factory.TypeFactoryTest
[INFO] Running spoon.test.factory.CodeFactoryTest
[INFO] Tests run: 1, Failures: 0, Errors: 0, Skipped: 0, Time elapsed: 0 s - in spoon.test.factory.CodeFactoryTest
[INFO] Running spoon.test.factory.AnnotationFactoryTest
[INFO] Tests run: 1, Failures: 0, Errors: 0, Skipped: 0, Time elapsed: 0.059 s - in spoon.test.factory.AnnotationFactoryTest
[INFO] Running spoon.test.factory.FactoryTest
[INFO] Tests run: 6, Failures: 0, Errors: 0, Skipped: 0, Time elapsed: 5.272 s - in spoon.test.factory.FactoryTest
[INFO] Running spoon.test.factory.ClassFactoryTest
[INFO] Tests run: 2, Failures: 0, Errors: 0, Skipped: 0, Time elapsed: 0.012 s - in spoon.test.factory.ClassFactoryTest
[INFO] Running spoon.test.factory.FieldFactoryTest
[INFO] Tests run: 2, Failures: 0, Errors: 0, Skipped: 0, Time elapsed: 0.167 s - in spoon.test.factory.FieldFactoryTest
[INFO] Running spoon.test.factory.ConstructorFactoryTest
[INFO] Tests run: 2, Failures: 0, Errors: 0, Skipped: 0, Time elapsed: 0.044 s - in spoon.test.factory.ConstructorFactoryTest
[INFO] Running spoon.test.factory.ExecutableFactoryTest
[INFO] Tests run: 1, Failures: 0, Errors: 0, Skipped: 0, Time elapsed: 0 s - in spoon.test.factory.ExecutableFactoryTest
[INFO] Running spoon.test.properties.PropertiesTest
[INFO] Tests run: 1, Failures: 0, Errors: 0, Skipped: 0, Time elapsed: 0.043 s - in spoon.test.properties.PropertiesTest
[INFO] Running spoon.test.methodreference.MethodReferenceTest
[INFO] Tests run: 13, Failures: 0, Errors: 0, Skipped: 0, Time elapsed: 1.536 s - in spoon.test.methodreference.MethodReferenceTest
[INFO] Running spoon.test.eval.EvalTest
[INFO] Tests run: 9, Failures: 0, Errors: 0, Skipped: 0, Time elapsed: 0.563 s - in spoon.test.eval.EvalTest
[INFO] Running spoon.test.api.APITest
./target/nooutput_fae55ea1-82d0-466a-9f09-b3ae234df73d
[INFO] Tests run: 19, Failures: 0, Errors: 0, Skipped: 0, Time elapsed: 13.528 s - in spoon.test.api.APITest
[INFO] Running spoon.test.api.FileSystemFolderTest
[INFO] Tests run: 2, Failures: 0, Errors: 0, Skipped: 0, Time elapsed: 0.001 s - in spoon.test.api.FileSystemFolderTest
[INFO] Running spoon.test.api.MetamodelTest
[INFO] Tests run: 3, Failures: 0, Errors: 0, Skipped: 0, Time elapsed: 3.203 s - in spoon.test.api.MetamodelTest
[INFO] Running spoon.test.api.NoClasspathTest
[INFO] Tests run: 5, Failures: 0, Errors: 0, Skipped: 0, Time elapsed: 0.281 s - in spoon.test.api.NoClasspathTest
[INFO] Running spoon.test.template.TemplateArrayAccessTest
[INFO] Tests run: 2, Failures: 0, Errors: 0, Skipped: 0, Time elapsed: 0.127 s - in spoon.test.template.TemplateArrayAccessTest
[INFO] Running spoon.test.template.TemplateClassAccessTest
[INFO] Tests run: 1, Failures: 0, Errors: 0, Skipped: 0, Time elapsed: 0.096 s - in spoon.test.template.TemplateClassAccessTest
[INFO] Running spoon.test.template.TemplateReplaceReturnTest
[INFO] Tests run: 2, Failures: 0, Errors: 0, Skipped: 0, Time elapsed: 0.177 s - in spoon.test.template.TemplateReplaceReturnTest
[INFO] Running spoon.test.template.TemplateEnumAccessTest
[INFO] Tests run: 1, Failures: 0, Errors: 0, Skipped: 0, Time elapsed: 0.094 s - in spoon.test.template.TemplateEnumAccessTest
[INFO] Running spoon.test.template.TemplateTest
0
[INFO] Tests run: 24, Failures: 0, Errors: 0, Skipped: 0, Time elapsed: 2.585 s - in spoon.test.template.TemplateTest
[INFO] Running spoon.test.template.TemplateInvocationSubstitutionTest
[INFO] Tests run: 3, Failures: 0, Errors: 0, Skipped: 0, Time elapsed: 0.213 s - in spoon.test.template.TemplateInvocationSubstitutionTest
[INFO] Running spoon.test.parent.ParentContractTest
[INFO] Tests run: 67, Failures: 0, Errors: 0, Skipped: 0, Time elapsed: 1.002 s - in spoon.test.parent.ParentContractTest
[INFO] Running spoon.test.parent.NullParentTest
[INFO] Tests run: 8, Failures: 0, Errors: 0, Skipped: 0, Time elapsed: 0.366 s - in spoon.test.parent.NullParentTest
[INFO] Running spoon.test.parent.ParentTest
[WARNING] Tests run: 11, Failures: 0, Errors: 0, Skipped: 1, Time elapsed: 0.609 s - in spoon.test.parent.ParentTest
[INFO] Running spoon.test.parent.TopLevelTypeTest
[INFO] Tests run: 1, Failures: 0, Errors: 0, Skipped: 0, Time elapsed: 0.044 s - in spoon.test.parent.TopLevelTypeTest
[INFO] Running spoon.test.parent.SetParentTest
[INFO] Tests run: 67, Failures: 0, Errors: 0, Skipped: 0, Time elapsed: 0.086 s - in spoon.test.parent.SetParentTest
[INFO] Running spoon.test.executable.ExecutableTest
[INFO] Tests run: 3, Failures: 0, Errors: 0, Skipped: 0, Time elapsed: 0.103 s - in spoon.test.executable.ExecutableTest
[INFO] Running spoon.test.executable.ExecutableRefTest
[INFO] Tests run: 5, Failures: 0, Errors: 0, Skipped: 0, Time elapsed: 0.381 s - in spoon.test.executable.ExecutableRefTest
[INFO] Running spoon.test.varargs.VarArgsTest
[INFO] Tests run: 1, Failures: 0, Errors: 0, Skipped: 0, Time elapsed: 0.062 s - in spoon.test.varargs.VarArgsTest
[INFO] Running spoon.test.pkg.PackageTest
[INFO] Tests run: 12, Failures: 0, Errors: 0, Skipped: 0, Time elapsed: 1.191 s - in spoon.test.pkg.PackageTest
[INFO] Running spoon.test.comment.CommentTest
[ERROR] Tests run: 17, Failures: 2, Errors: 0, Skipped: 0, Time elapsed: 32.657 s <<< FAILURE! - in spoon.test.comment.CommentTest
[ERROR] testInLineComment(spoon.test.comment.CommentTest)  Time elapsed: 0.131 s  <<< FAILURE!
java.lang.AssertionError: expected:<66> but was:<67>
	at spoon.test.comment.CommentTest.testInLineComment(CommentTest.java:266)

[ERROR] testBlockComment(spoon.test.comment.CommentTest)  Time elapsed: 0.117 s  <<< FAILURE!
java.lang.AssertionError: expected:<51> but was:<52>
	at spoon.test.comment.CommentTest.testBlockComment(CommentTest.java:464)

[INFO] Running spoon.test.constructor.ConstructorTest
[INFO] Tests run: 7, Failures: 0, Errors: 0, Skipped: 0, Time elapsed: 0.523 s - in spoon.test.constructor.ConstructorTest
[INFO] Running spoon.test.loop.LoopTest
[INFO] Tests run: 2, Failures: 0, Errors: 0, Skipped: 0, Time elapsed: 0.096 s - in spoon.test.loop.LoopTest
[INFO] Running spoon.test.exceptions.ExceptionTest
[INFO] Tests run: 6, Failures: 0, Errors: 0, Skipped: 0, Time elapsed: 0.336 s - in spoon.test.exceptions.ExceptionTest
[INFO] Running spoon.test.enums.EnumsTest
[INFO] Tests run: 4, Failures: 0, Errors: 0, Skipped: 0, Time elapsed: 0.296 s - in spoon.test.enums.EnumsTest
[INFO] Running spoon.test.enums.EnumsTypeTest
[INFO] Tests run: 1, Failures: 0, Errors: 0, Skipped: 0, Time elapsed: 0.036 s - in spoon.test.enums.EnumsTypeTest
[INFO] Running spoon.test.intercession.insertBefore.InsertMethodsTest
[INFO] Tests run: 9, Failures: 0, Errors: 0, Skipped: 0, Time elapsed: 0.973 s - in spoon.test.intercession.insertBefore.InsertMethodsTest
[INFO] Running spoon.test.intercession.IntercessionContractTest
[INFO] Tests run: 107, Failures: 0, Errors: 0, Skipped: 0, Time elapsed: 0.426 s - in spoon.test.intercession.IntercessionContractTest
[INFO] Running spoon.test.intercession.RemoveTest
[INFO] Tests run: 1, Failures: 0, Errors: 0, Skipped: 0, Time elapsed: 0.039 s - in spoon.test.intercession.RemoveTest
[INFO] Running spoon.test.intercession.IntercessionTest
[WARNING] Tests run: 8, Failures: 0, Errors: 0, Skipped: 1, Time elapsed: 5.684 s - in spoon.test.intercession.IntercessionTest
[INFO] Running spoon.test.literal.LiteralTest
2018-06-06 14:21:37,519 ERROR spoon.support.compiler.jdt.JDTTreeBuilder - Could not find declaration for variable Longs at (/root/workspace/INRIA/spoon/369997088/src/test/resources/noclasspath/SecondaryIndexManager.java:611)
[INFO] Tests run: 5, Failures: 0, Errors: 0, Skipped: 0, Time elapsed: 0.62 s - in spoon.test.literal.LiteralTest
[INFO] Running spoon.test.module.TestModule
[WARNING] Tests run: 8, Failures: 0, Errors: 0, Skipped: 2, Time elapsed: 0.122 s - in spoon.test.module.TestModule
[INFO] Running spoon.test.targeted.TargetedExpressionTest
[INFO] Tests run: 17, Failures: 0, Errors: 0, Skipped: 0, Time elapsed: 0.914 s - in spoon.test.targeted.TargetedExpressionTest
[INFO] Running spoon.test.sourcePosition.SourcePositionTest
[INFO] Tests run: 3, Failures: 0, Errors: 0, Skipped: 0, Time elapsed: 0.118 s - in spoon.test.sourcePosition.SourcePositionTest
[INFO] Running spoon.test.type.TypeTest
[INFO] Tests run: 13, Failures: 0, Errors: 0, Skipped: 0, Time elapsed: 0.768 s - in spoon.test.type.TypeTest
[INFO] Running spoon.test.architecture.SpoonArchitectureEnforcerTest
[INFO] Tests run: 8, Failures: 0, Errors: 0, Skipped: 0, Time elapsed: 42.631 s - in spoon.test.architecture.SpoonArchitectureEnforcerTest
[INFO] Running spoon.test.modifiers.TestModifiers
[INFO] Tests run: 4, Failures: 0, Errors: 0, Skipped: 0, Time elapsed: 0.491 s - in spoon.test.modifiers.TestModifiers
[INFO] Running spoon.test.signature.SignatureTest
[INFO] Tests run: 8, Failures: 0, Errors: 0, Skipped: 0, Time elapsed: 0.632 s - in spoon.test.signature.SignatureTest
[INFO] Running spoon.test.path.PathTest
[INFO] Tests run: 10, Failures: 0, Errors: 0, Skipped: 0, Time elapsed: 0.384 s - in spoon.test.path.PathTest
[INFO] Running spoon.test.arrays.ArraysTest
[INFO] Tests run: 4, Failures: 0, Errors: 0, Skipped: 0, Time elapsed: 0.479 s - in spoon.test.arrays.ArraysTest
[INFO] Running spoon.test.staticFieldAccess.StaticAccessTest
[INFO] Tests run: 2, Failures: 0, Errors: 0, Skipped: 0, Time elapsed: 0.218 s - in spoon.test.staticFieldAccess.StaticAccessTest
[INFO] Running spoon.test.delete.DeleteTest
[INFO] Tests run: 14, Failures: 0, Errors: 0, Skipped: 0, Time elapsed: 0.71 s - in spoon.test.delete.DeleteTest
[INFO] Running spoon.test.staticFieldAccess2.ImplicitStaticFieldReferenceTest
[INFO] Tests run: 16, Failures: 0, Errors: 0, Skipped: 0, Time elapsed: 1.729 s - in spoon.test.staticFieldAccess2.ImplicitStaticFieldReferenceTest
[INFO] Running spoon.test.imports.ImportTest
[INFO] Tests run: 43, Failures: 0, Errors: 0, Skipped: 0, Time elapsed: 5.531 s - in spoon.test.imports.ImportTest
[INFO] Running spoon.test.imports.ImportAndExtendWithPackageNameTest
[INFO] Tests run: 1, Failures: 0, Errors: 0, Skipped: 0, Time elapsed: 0.064 s - in spoon.test.imports.ImportAndExtendWithPackageNameTest
[INFO] Running spoon.test.imports.ImportScannerTest
[INFO] Tests run: 5, Failures: 0, Errors: 0, Skipped: 0, Time elapsed: 0.306 s - in spoon.test.imports.ImportScannerTest
[INFO] Running spoon.test.generics.GenericsTest
[INFO] Tests run: 45, Failures: 0, Errors: 0, Skipped: 0, Time elapsed: 4.176 s - in spoon.test.generics.GenericsTest
[INFO] Running spoon.test.reflect.visitor.ReferenceQueryTest
[INFO] Tests run: 1, Failures: 0, Errors: 0, Skipped: 0, Time elapsed: 0.068 s - in spoon.test.reflect.visitor.ReferenceQueryTest
[INFO] Running spoon.test.reflect.meta.MetaModelTest
[INFO] Tests run: 8, Failures: 0, Errors: 0, Skipped: 0, Time elapsed: 3.533 s - in spoon.test.reflect.meta.MetaModelTest
[INFO] Running spoon.test.interfaces.InterfaceTest
[INFO] Tests run: 6, Failures: 0, Errors: 0, Skipped: 0, Time elapsed: 0.282 s - in spoon.test.interfaces.InterfaceTest
[INFO] Running spoon.test.interfaces.TestInterfaceWithoutSetup
[INFO] Tests run: 2, Failures: 0, Errors: 0, Skipped: 0, Time elapsed: 0.113 s - in spoon.test.interfaces.TestInterfaceWithoutSetup
[INFO] Running spoon.test.ctClass.CtClassTest
2018-06-06 14:22:41,903 ERROR spoon.Launcher - cannot load class: daikon.Runtime
spoon.support.SpoonClassNotFoundException: cannot load class: daikon.Runtime
	at spoon.support.reflect.reference.CtTypeReferenceImpl.findClass(CtTypeReferenceImpl.java:164)
	at spoon.support.reflect.reference.CtTypeReferenceImpl.getActualClass(CtTypeReferenceImpl.java:146)
	at spoon.support.reflect.reference.CtFieldReferenceImpl.getActualField(CtFieldReferenceImpl.java:65)
	at spoon.support.reflect.reference.CtFieldReferenceImpl.getModifiers(CtFieldReferenceImpl.java:223)
	at spoon.reflect.visitor.DefaultJavaPrettyPrinter.isInitializeStaticFinalField(DefaultJavaPrettyPrinter.java:888)
	at spoon.reflect.visitor.DefaultJavaPrettyPrinter.printCtFieldAccess(DefaultJavaPrettyPrinter.java:835)
	at spoon.reflect.visitor.DefaultJavaPrettyPrinter.visitCtFieldWrite(DefaultJavaPrettyPrinter.java:794)
	at spoon.support.reflect.code.CtFieldWriteImpl.accept(CtFieldWriteImpl.java:27)
	at spoon.reflect.visitor.DefaultJavaPrettyPrinter.scan(DefaultJavaPrettyPrinter.java:343)
	at spoon.reflect.visitor.DefaultJavaPrettyPrinter.visitCtAssignment(DefaultJavaPrettyPrinter.java:491)
	at spoon.support.reflect.code.CtAssignmentImpl.accept(CtAssignmentImpl.java:55)
	at spoon.reflect.visitor.DefaultJavaPrettyPrinter.scan(DefaultJavaPrettyPrinter.java:343)
	at spoon.reflect.visitor.ElementPrinterHelper.writeStatement(ElementPrinterHelper.java:180)
	at spoon.reflect.visitor.DefaultJavaPrettyPrinter.visitCtBlock(DefaultJavaPrettyPrinter.java:523)
	at spoon.support.reflect.code.CtBlockImpl.accept(CtBlockImpl.java:48)
	at spoon.reflect.visitor.DefaultJavaPrettyPrinter.scan(DefaultJavaPrettyPrinter.java:343)
	at spoon.reflect.visitor.DefaultJavaPrettyPrinter.visitCtAnonymousExecutable(DefaultJavaPrettyPrinter.java:442)
	at spoon.support.reflect.declaration.CtAnonymousExecutableImpl.accept(CtAnonymousExecutableImpl.java:46)
	at spoon.reflect.visitor.DefaultJavaPrettyPrinter.scan(DefaultJavaPrettyPrinter.java:343)
	at spoon.reflect.visitor.ElementPrinterHelper.writeElementList(ElementPrinterHelper.java:194)
	at spoon.reflect.visitor.DefaultJavaPrettyPrinter.visitCtClass(DefaultJavaPrettyPrinter.java:615)
	at spoon.support.reflect.declaration.CtClassImpl.accept(CtClassImpl.java:68)
	at spoon.reflect.visitor.DefaultJavaPrettyPrinter.scan(DefaultJavaPrettyPrinter.java:343)
	at spoon.reflect.visitor.DefaultJavaPrettyPrinter.calculate(DefaultJavaPrettyPrinter.java:1940)
	at spoon.support.JavaOutputProcessor.createJavaFile(JavaOutputProcessor.java:133)
	at spoon.support.JavaOutputProcessor.process(JavaOutputProcessor.java:171)
	at spoon.support.JavaOutputProcessor.process(JavaOutputProcessor.java:45)
	at spoon.support.visitor.ProcessingVisitor.scan(ProcessingVisitor.java:74)
	at spoon.reflect.visitor.CtScanner.scan(CtScanner.java:174)
	at spoon.reflect.visitor.CtScanner.scan(CtScanner.java:148)
	at spoon.reflect.visitor.CtScanner.visitCtPackage(CtScanner.java:650)
	at spoon.support.reflect.declaration.CtPackageImpl.accept(CtPackageImpl.java:56)
	at spoon.reflect.visitor.CtScanner.scan(CtScanner.java:182)
	at spoon.support.visitor.ProcessingVisitor.scan(ProcessingVisitor.java:77)
	at spoon.reflect.visitor.CtScanner.scan(CtScanner.java:174)
	at spoon.reflect.visitor.CtScanner.scan(CtScanner.java:148)
	at spoon.reflect.visitor.CtScanner.visitCtPackage(CtScanner.java:649)
	at spoon.support.reflect.declaration.CtPackageImpl.accept(CtPackageImpl.java:56)
	at spoon.reflect.visitor.CtScanner.scan(CtScanner.java:182)
	at spoon.support.visitor.ProcessingVisitor.scan(ProcessingVisitor.java:77)
	at spoon.reflect.visitor.CtScanner.scan(CtScanner.java:174)
	at spoon.reflect.visitor.CtScanner.visitCtModule(CtScanner.java:925)
	at spoon.reflect.factory.ModuleFactory$CtUnnamedModule.accept(ModuleFactory.java:105)
	at spoon.reflect.visitor.CtScanner.scan(CtScanner.java:182)
	at spoon.support.visitor.ProcessingVisitor.scan(ProcessingVisitor.java:77)
	at spoon.support.QueueProcessingManager.process(QueueProcessingManager.java:119)
	at spoon.support.compiler.jdt.JDTBasedSpoonCompiler.generateProcessedSourceFilesUsingTypes(JDTBasedSpoonCompiler.java:497)
	at spoon.support.compiler.jdt.JDTBasedSpoonCompiler.generateProcessedSourceFiles(JDTBasedSpoonCompiler.java:208)
	at spoon.Launcher.prettyprint(Launcher.java:725)
	at spoon.Launcher.run(Launcher.java:663)
	at spoon.test.ctClass.CtClassTest.testParentOfTheEnclosingClassOfStaticClass(CtClassTest.java:106)
	at sun.reflect.NativeMethodAccessorImpl.invoke0(Native Method)
	at sun.reflect.NativeMethodAccessorImpl.invoke(NativeMethodAccessorImpl.java:62)
	at sun.reflect.DelegatingMethodAccessorImpl.invoke(DelegatingMethodAccessorImpl.java:43)
	at java.lang.reflect.Method.invoke(Method.java:498)
	at org.junit.runners.model.FrameworkMethod$1.runReflectiveCall(FrameworkMethod.java:50)
	at org.junit.internal.runners.model.ReflectiveCallable.run(ReflectiveCallable.java:12)
	at org.junit.runners.model.FrameworkMethod.invokeExplosively(FrameworkMethod.java:47)
	at org.junit.internal.runners.statements.InvokeMethod.evaluate(InvokeMethod.java:17)
	at org.junit.runners.ParentRunner.runLeaf(ParentRunner.java:325)
	at org.junit.runners.BlockJUnit4ClassRunner.runChild(BlockJUnit4ClassRunner.java:78)
	at org.junit.runners.BlockJUnit4ClassRunner.runChild(BlockJUnit4ClassRunner.java:57)
	at org.junit.runners.ParentRunner$3.run(ParentRunner.java:290)
	at org.junit.runners.ParentRunner$1.schedule(ParentRunner.java:71)
	at org.junit.runners.ParentRunner.runChildren(ParentRunner.java:288)
	at org.junit.runners.ParentRunner.access$000(ParentRunner.java:58)
	at org.junit.runners.ParentRunner$2.evaluate(ParentRunner.java:268)
	at org.junit.runners.ParentRunner.run(ParentRunner.java:363)
	at org.apache.maven.surefire.junit4.JUnit4Provider.execute(JUnit4Provider.java:369)
	at org.apache.maven.surefire.junit4.JUnit4Provider.executeWithRerun(JUnit4Provider.java:275)
	at org.apache.maven.surefire.junit4.JUnit4Provider.executeTestSet(JUnit4Provider.java:239)
	at org.apache.maven.surefire.junit4.JUnit4Provider.invoke(JUnit4Provider.java:160)
	at org.apache.maven.surefire.booter.ForkedBooter.invokeProviderInSameClassLoader(ForkedBooter.java:373)
	at org.apache.maven.surefire.booter.ForkedBooter.runSuitesInProcess(ForkedBooter.java:334)
	at org.apache.maven.surefire.booter.ForkedBooter.execute(ForkedBooter.java:119)
	at org.apache.maven.surefire.booter.ForkedBooter.main(ForkedBooter.java:407)
Caused by: java.lang.ClassNotFoundException: daikon.Runtime
	at java.net.URLClassLoader.findClass(URLClassLoader.java:381)
	at java.lang.ClassLoader.loadClass(ClassLoader.java:424)
	at java.lang.ClassLoader.loadClass(ClassLoader.java:357)
	at spoon.support.reflect.reference.CtTypeReferenceImpl.findClass(CtTypeReferenceImpl.java:162)
	... 75 more
[INFO] Tests run: 8, Failures: 0, Errors: 0, Skipped: 0, Time elapsed: 4.282 s - in spoon.test.ctClass.CtClassTest
[INFO] Running spoon.test.ctCase.SwitchCaseTest
[INFO] Tests run: 2, Failures: 0, Errors: 0, Skipped: 0, Time elapsed: 0.071 s - in spoon.test.ctCase.SwitchCaseTest
[INFO] Running spoon.test.fieldaccesses.FieldAccessTest
[INFO] Tests run: 16, Failures: 0, Errors: 0, Skipped: 0, Time elapsed: 0.681 s - in spoon.test.fieldaccesses.FieldAccessTest
[INFO] Running spoon.test.labels.TestLabels
[INFO] Tests run: 1, Failures: 0, Errors: 0, Skipped: 0, Time elapsed: 0.069 s - in spoon.test.labels.TestLabels
[INFO] Running spoon.test.visitor.AssignmentsEqualsTest
[INFO] Tests run: 1, Failures: 0, Errors: 0, Skipped: 0, Time elapsed: 0.064 s - in spoon.test.visitor.AssignmentsEqualsTest
[INFO] Running spoon.test.visitor.VisitorTest
[INFO] Tests run: 1, Failures: 0, Errors: 0, Skipped: 0, Time elapsed: 0.067 s - in spoon.test.visitor.VisitorTest
[INFO] Running spoon.test.parameters.ParameterTest
2018-06-06 14:22:46,854 ERROR spoon.support.compiler.jdt.JDTTreeBuilder - Could not find declaration for variable typeRatingFilters at (/root/workspace/INRIA/spoon/369997088/src/test/resources/noclasspath/Tacos.java:4)
[INFO] Tests run: 3, Failures: 0, Errors: 0, Skipped: 0, Time elapsed: 0.288 s - in spoon.test.parameters.ParameterTest
[INFO] Running spoon.test.annotation.AnnotationLoopTest
[INFO] Tests run: 1, Failures: 0, Errors: 0, Skipped: 0, Time elapsed: 0.07 s - in spoon.test.annotation.AnnotationLoopTest
[INFO] Running spoon.test.annotation.AnnotationValuesTest
[INFO] Tests run: 6, Failures: 0, Errors: 0, Skipped: 0, Time elapsed: 0.266 s - in spoon.test.annotation.AnnotationValuesTest
[INFO] Running spoon.test.annotation.AnnotationTest
[INFO] Tests run: 52, Failures: 0, Errors: 0, Skipped: 0, Time elapsed: 3.759 s - in spoon.test.annotation.AnnotationTest
[INFO] Running spoon.test.javadoc.JavaDocTest
[INFO] Tests run: 2, Failures: 0, Errors: 0, Skipped: 0, Time elapsed: 0.08 s - in spoon.test.javadoc.JavaDocTest
[INFO] Running spoon.test.condition.ConditionalTest
[INFO] Tests run: 4, Failures: 0, Errors: 0, Skipped: 0, Time elapsed: 0.151 s - in spoon.test.condition.ConditionalTest
[INFO] Running spoon.test.change.ChangeCollectorTest
[INFO] Tests run: 1, Failures: 0, Errors: 0, Skipped: 0, Time elapsed: 0.039 s - in spoon.test.change.ChangeCollectorTest
[INFO] Running spoon.test.method_overriding.MethodOverriddingTest
[INFO] Tests run: 2, Failures: 0, Errors: 0, Skipped: 0, Time elapsed: 0.101 s - in spoon.test.method_overriding.MethodOverriddingTest
[INFO] Running spoon.test.trycatch.TryCatchTest
[INFO] Tests run: 12, Failures: 0, Errors: 0, Skipped: 0, Time elapsed: 0.603 s - in spoon.test.trycatch.TryCatchTest
[INFO] Running spoon.test.ctBodyHolder.CtBodyHolderTest
[INFO] Tests run: 6, Failures: 0, Errors: 0, Skipped: 0, Time elapsed: 0.421 s - in spoon.test.ctBodyHolder.CtBodyHolderTest
[INFO] Running spoon.test.reference.AnnotationFieldReferenceTest
[INFO] Tests run: 1, Failures: 0, Errors: 0, Skipped: 0, Time elapsed: 0.066 s - in spoon.test.reference.AnnotationFieldReferenceTest
[INFO] Running spoon.test.reference.CloneReferenceTest
[INFO] Tests run: 2, Failures: 0, Errors: 0, Skipped: 0, Time elapsed: 0.161 s - in spoon.test.reference.CloneReferenceTest
[INFO] Running spoon.test.reference.ExecutableReferenceGenericTest
[INFO] Tests run: 12, Failures: 0, Errors: 0, Skipped: 0, Time elapsed: 0.515 s - in spoon.test.reference.ExecutableReferenceGenericTest
[INFO] Running spoon.test.reference.ExecutableReferenceTest
[INFO] Tests run: 7, Failures: 0, Errors: 0, Skipped: 0, Time elapsed: 0.324 s - in spoon.test.reference.ExecutableReferenceTest
[INFO] Running spoon.test.reference.TypeReferenceTest
[INFO] Tests run: 28, Failures: 0, Errors: 0, Skipped: 0, Time elapsed: 1.351 s - in spoon.test.reference.TypeReferenceTest
[INFO] Running spoon.test.reference.ElasticsearchStackoverflowTest
[INFO] Tests run: 1, Failures: 0, Errors: 0, Skipped: 0, Time elapsed: 0.083 s - in spoon.test.reference.ElasticsearchStackoverflowTest
[INFO] Running spoon.test.reference.VariableAccessTest
2018-06-06 14:22:55,269 ERROR spoon.support.compiler.jdt.JDTTreeBuilder - Could not find declaration for variable e at (/root/workspace/INRIA/spoon/369997088/src/test/resources/noclasspath/org/elasticsearch/indices/analysis/HunspellService.java:100)
[INFO] Tests run: 11, Failures: 0, Errors: 0, Skipped: 0, Time elapsed: 0.509 s - in spoon.test.reference.VariableAccessTest
[INFO] Running spoon.test.comparison.EqualTest
[INFO] Tests run: 4, Failures: 0, Errors: 0, Skipped: 0, Time elapsed: 0.33 s - in spoon.test.comparison.EqualTest
[INFO] Running spoon.test.position.PositionTest
[INFO] Tests run: 18, Failures: 0, Errors: 0, Skipped: 0, Time elapsed: 1.354 s - in spoon.test.position.PositionTest
[INFO] Running spoon.test.control.ControlTest
[INFO] Tests run: 2, Failures: 0, Errors: 0, Skipped: 0, Time elapsed: 0.111 s - in spoon.test.control.ControlTest
[INFO] Running spoon.test.processing.ProcessingTest
[INFO] Tests run: 9, Failures: 0, Errors: 0, Skipped: 0, Time elapsed: 0.4 s - in spoon.test.processing.ProcessingTest
[INFO] Running spoon.test.ctElement.MetadataTest
[INFO] Tests run: 1, Failures: 0, Errors: 0, Skipped: 0, Time elapsed: 0.036 s - in spoon.test.ctElement.MetadataTest
[INFO] Running spoon.test.ctElement.ElementTest
[INFO] Tests run: 1, Failures: 0, Errors: 0, Skipped: 0, Time elapsed: 0.001 s - in spoon.test.ctElement.ElementTest
[INFO] Running spoon.test.main.MainTest
[INFO] Tests run: 13, Failures: 0, Errors: 0, Skipped: 0, Time elapsed: 229.368 s - in spoon.test.main.MainTest
[INFO] Running spoon.test.field.FieldTest
[INFO] Tests run: 4, Failures: 0, Errors: 0, Skipped: 0, Time elapsed: 0.108 s - in spoon.test.field.FieldTest
[INFO] Running spoon.test.OutputTypeTest
[INFO] Tests run: 1, Failures: 0, Errors: 0, Skipped: 0, Time elapsed: 0 s - in spoon.test.OutputTypeTest
[INFO] Running spoon.test.method.MethodTest
[INFO] Tests run: 5, Failures: 0, Errors: 0, Skipped: 0, Time elapsed: 0.36 s - in spoon.test.method.MethodTest
[INFO] Running spoon.test.logging.LogTest
2018-06-06 14:26:47,508 DEBUG spoon.Launcher - destination: /root/workspace/INRIA/spoon/369997088/spooned-classes
2018-06-06 14:26:47,509 DEBUG spoon.Launcher - source classpath: null
2018-06-06 14:26:47,510 DEBUG spoon.Launcher - template classpath: []
2018-06-06 14:26:47,511 INFO spoon.Launcher - Log info
2018-06-06 14:26:47,512 WARN spoon.Launcher - Log warn
2018-06-06 14:26:47,512 ERROR spoon.Launcher - Log error
2018-06-06 14:26:47,512 DEBUG spoon.Launcher - Log debug
2018-06-06 14:26:47,514 DEBUG spoon.Launcher - destination: /root/workspace/INRIA/spoon/369997088/spooned-classes
2018-06-06 14:26:47,515 DEBUG spoon.Launcher - source classpath: null
2018-06-06 14:26:47,515 DEBUG spoon.Launcher - template classpath: []
2018-06-06 14:26:47,516 INFO spoon.Launcher - Log info
2018-06-06 14:26:47,516 WARN spoon.Launcher - Log warn
2018-06-06 14:26:47,517 ERROR spoon.Launcher - Log error
2018-06-06 14:26:47,517 DEBUG spoon.Launcher - Log debug
2018-06-06 14:26:47,525 INFO spoon.Launcher - Log info
2018-06-06 14:26:47,525 WARN spoon.Launcher - Log warn
2018-06-06 14:26:47,525 ERROR spoon.Launcher - Log error
2018-06-06 14:26:47,527 WARN spoon.Launcher - Log warn
2018-06-06 14:26:47,528 ERROR spoon.Launcher - Log error
2018-06-06 14:26:47,530 ERROR spoon.Launcher - Log error
[INFO] Tests run: 6, Failures: 0, Errors: 0, Skipped: 0, Time elapsed: 0.026 s - in spoon.test.logging.LogTest
[INFO] Running spoon.test.limits.utils.InternalTest
[INFO] Tests run: 2, Failures: 0, Errors: 0, Skipped: 0, Time elapsed: 0.136 s - in spoon.test.limits.utils.InternalTest
[INFO] Running spoon.test.ctType.CtTypeParameterTest
[INFO] Tests run: 2, Failures: 0, Errors: 0, Skipped: 0, Time elapsed: 0.172 s - in spoon.test.ctType.CtTypeParameterTest
[INFO] Running spoon.test.ctType.CtTypeTest
[INFO] Tests run: 8, Failures: 0, Errors: 0, Skipped: 0, Time elapsed: 0.49 s - in spoon.test.ctType.CtTypeTest
[INFO] Running spoon.test.query_function.testclasses.VariableReferencesModelTest
[INFO] Tests run: 15, Failures: 0, Errors: 0, Skipped: 0, Time elapsed: 0.001 s - in spoon.test.query_function.testclasses.VariableReferencesModelTest
[INFO] Running spoon.test.query_function.VariableReferencesTest
2018-06-06 14:26:48,354 INFO spoon.Launcher - Spoon version 6.3.0-SNAPSHOT
2018-06-06 14:26:48,355 INFO spoon.Launcher - running Spoon...
2018-06-06 14:26:48,355 INFO spoon.Launcher - start processing...
2018-06-06 14:26:48,407 INFO spoon.Launcher - end of processing: 
2018-06-06 14:26:48,407 INFO spoon.Launcher - no errors, no warnings
2018-06-06 14:26:48,454 INFO spoon.Launcher - Spoon version 6.3.0-SNAPSHOT
2018-06-06 14:26:48,454 INFO spoon.Launcher - running Spoon...
2018-06-06 14:26:48,454 INFO spoon.Launcher - start processing...
2018-06-06 14:26:48,506 INFO spoon.Launcher - end of processing: 
2018-06-06 14:26:48,506 INFO spoon.Launcher - no errors, no warnings
2018-06-06 14:26:48,557 INFO spoon.Launcher - Spoon version 6.3.0-SNAPSHOT
2018-06-06 14:26:48,557 INFO spoon.Launcher - running Spoon...
2018-06-06 14:26:48,558 INFO spoon.Launcher - start processing...
2018-06-06 14:26:48,613 INFO spoon.Launcher - end of processing: 
2018-06-06 14:26:48,614 INFO spoon.Launcher - no errors, no warnings
2018-06-06 14:26:48,619 INFO spoon.Launcher - Spoon version 6.3.0-SNAPSHOT
2018-06-06 14:26:48,619 INFO spoon.Launcher - running Spoon...
2018-06-06 14:26:48,619 INFO spoon.Launcher - start processing...
2018-06-06 14:26:48,669 INFO spoon.Launcher - end of processing: 
2018-06-06 14:26:48,670 INFO spoon.Launcher - no errors, no warnings
2018-06-06 14:26:48,718 INFO spoon.Launcher - Spoon version 6.3.0-SNAPSHOT
2018-06-06 14:26:48,718 INFO spoon.Launcher - running Spoon...
2018-06-06 14:26:48,718 INFO spoon.Launcher - start processing...
2018-06-06 14:26:48,772 INFO spoon.Launcher - end of processing: 
2018-06-06 14:26:48,773 INFO spoon.Launcher - no errors, no warnings
2018-06-06 14:26:48,783 INFO spoon.Launcher - Spoon version 6.3.0-SNAPSHOT
2018-06-06 14:26:48,783 INFO spoon.Launcher - running Spoon...
2018-06-06 14:26:48,784 INFO spoon.Launcher - start processing...
2018-06-06 14:26:48,837 INFO spoon.Launcher - end of processing: 
2018-06-06 14:26:48,838 INFO spoon.Launcher - no errors, no warnings
2018-06-06 14:26:48,846 INFO spoon.Launcher - Spoon version 6.3.0-SNAPSHOT
2018-06-06 14:26:48,846 INFO spoon.Launcher - running Spoon...
2018-06-06 14:26:48,847 INFO spoon.Launcher - start processing...
2018-06-06 14:26:48,900 INFO spoon.Launcher - end of processing: 
2018-06-06 14:26:48,901 INFO spoon.Launcher - no errors, no warnings
2018-06-06 14:26:48,943 INFO spoon.Launcher - Spoon version 6.3.0-SNAPSHOT
2018-06-06 14:26:48,943 INFO spoon.Launcher - running Spoon...
2018-06-06 14:26:48,944 INFO spoon.Launcher - start processing...
2018-06-06 14:26:48,998 INFO spoon.Launcher - end of processing: 
2018-06-06 14:26:48,998 INFO spoon.Launcher - no errors, no warnings
[INFO] Tests run: 8, Failures: 0, Errors: 0, Skipped: 0, Time elapsed: 0.734 s - in spoon.test.query_function.VariableReferencesTest
[INFO] Running spoon.test.ctBlock.TestCtBlock
[INFO] Tests run: 3, Failures: 0, Errors: 0, Skipped: 0, Time elapsed: 0.119 s - in spoon.test.ctBlock.TestCtBlock
[INFO] Running spoon.test.constructorcallnewclass.ConstructorCallTest
[INFO] Tests run: 6, Failures: 0, Errors: 0, Skipped: 0, Time elapsed: 0.31 s - in spoon.test.constructorcallnewclass.ConstructorCallTest
[INFO] Running spoon.test.constructorcallnewclass.NewClassTest
[INFO] Tests run: 7, Failures: 0, Errors: 0, Skipped: 0, Time elapsed: 0.776 s - in spoon.test.constructorcallnewclass.NewClassTest
[INFO] Running spoon.test.strings.StringTest
[INFO] Tests run: 1, Failures: 0, Errors: 0, Skipped: 0, Time elapsed: 0.033 s - in spoon.test.strings.StringTest
[INFO] Running spoon.test.strings.StringLiteralTest
[INFO] Tests run: 1, Failures: 0, Errors: 0, Skipped: 0, Time elapsed: 0.039 s - in spoon.test.strings.StringLiteralTest
[INFO] Running spoon.test.lambda.LambdaTest
2018-06-06 14:26:51,613 ERROR spoon.support.compiler.jdt.JDTTreeBuilder - Could not find declaration for variable Strings at (/root/workspace/INRIA/spoon/369997088/src/test/resources/noclasspath/lambdas/TypeAccessInLambda.java:6)
[INFO] Tests run: 22, Failures: 0, Errors: 0, Skipped: 0, Time elapsed: 1.649 s - in spoon.test.lambda.LambdaTest
[INFO] Running spoon.test.refactoring.CtRenameLocalVariableRefactoringTest
[INFO] Tests run: 4, Failures: 0, Errors: 0, Skipped: 0, Time elapsed: 12.48 s - in spoon.test.refactoring.CtRenameLocalVariableRefactoringTest
[INFO] Running spoon.test.refactoring.MethodsRefactoringTest
[INFO] Tests run: 5, Failures: 0, Errors: 0, Skipped: 0, Time elapsed: 0.699 s - in spoon.test.refactoring.MethodsRefactoringTest
[INFO] Running spoon.test.refactoring.RefactoringTest
[INFO] Tests run: 4, Failures: 0, Errors: 0, Skipped: 0, Time elapsed: 0.45 s - in spoon.test.refactoring.RefactoringTest
[INFO] Running spoon.test.support.ResourceTest
[INFO] Tests run: 4, Failures: 0, Errors: 0, Skipped: 0, Time elapsed: 0.338 s - in spoon.test.support.ResourceTest
[INFO] Running spoon.test.prettyprinter.QualifiedThisRefTest
[INFO] Tests run: 3, Failures: 0, Errors: 0, Skipped: 0, Time elapsed: 0.226 s - in spoon.test.prettyprinter.QualifiedThisRefTest
[INFO] Running spoon.test.prettyprinter.LinesTest
[INFO] Tests run: 3, Failures: 0, Errors: 0, Skipped: 0, Time elapsed: 0.349 s - in spoon.test.prettyprinter.LinesTest
[INFO] Running spoon.test.prettyprinter.PrinterTest
[INFO] Tests run: 9, Failures: 0, Errors: 0, Skipped: 0, Time elapsed: 2.965 s - in spoon.test.prettyprinter.PrinterTest
[INFO] Running spoon.test.prettyprinter.DefaultPrettyPrinterTest
[INFO] Tests run: 11, Failures: 0, Errors: 0, Skipped: 0, Time elapsed: 0.961 s - in spoon.test.prettyprinter.DefaultPrettyPrinterTest
[INFO] Running spoon.test.jdtimportbuilder.ImportBuilderTest
[INFO] Tests run: 8, Failures: 0, Errors: 0, Skipped: 0, Time elapsed: 0.743 s - in spoon.test.jdtimportbuilder.ImportBuilderTest
[INFO] Running spoon.test.serializable.SourcePositionTest
[INFO] Tests run: 1, Failures: 0, Errors: 0, Skipped: 0, Time elapsed: 0.118 s - in spoon.test.serializable.SourcePositionTest
[INFO] Running spoon.test.serializable.SerializableTest
[INFO] Tests run: 3, Failures: 0, Errors: 0, Skipped: 0, Time elapsed: 0.274 s - in spoon.test.serializable.SerializableTest
[INFO] Running spoon.test.casts.CastTest
[INFO] Tests run: 5, Failures: 0, Errors: 0, Skipped: 0, Time elapsed: 0.372 s - in spoon.test.casts.CastTest
[INFO] Running spoon.test.jar.JarTest
[INFO] Tests run: 3, Failures: 0, Errors: 0, Skipped: 0, Time elapsed: 0.168 s - in spoon.test.jar.JarTest
[INFO] Running spoon.test.model.TypeTest
[INFO] Tests run: 8, Failures: 0, Errors: 0, Skipped: 0, Time elapsed: 0.336 s - in spoon.test.model.TypeTest
[INFO] Running spoon.test.model.SwitchCaseTest
[INFO] Tests run: 2, Failures: 0, Errors: 0, Skipped: 0, Time elapsed: 0.073 s - in spoon.test.model.SwitchCaseTest
[INFO] Running spoon.test.model.AnonymousExecutableTest
[INFO] Tests run: 1, Failures: 0, Errors: 0, Skipped: 0, Time elapsed: 0.037 s - in spoon.test.model.AnonymousExecutableTest
[INFO] Running spoon.test.model.BlockTest
[INFO] Tests run: 2, Failures: 0, Errors: 0, Skipped: 0, Time elapsed: 0.074 s - in spoon.test.model.BlockTest
[INFO] Running spoon.test.filters.CUFilterTest
[INFO] Tests run: 3, Failures: 0, Errors: 0, Skipped: 0, Time elapsed: 0.105 s - in spoon.test.filters.CUFilterTest
[INFO] Running spoon.test.filters.FilterTest
2018-06-06 14:27:12,929 INFO spoon.Launcher - Spoon version 6.3.0-SNAPSHOT
2018-06-06 14:27:12,930 INFO spoon.Launcher - running Spoon...
2018-06-06 14:27:12,930 INFO spoon.Launcher - start processing...
2018-06-06 14:27:12,974 INFO spoon.Launcher - end of processing: 
2018-06-06 14:27:12,975 INFO spoon.Launcher - no errors, no warnings
2018-06-06 14:27:13,169 INFO spoon.Launcher - Spoon version 6.3.0-SNAPSHOT
2018-06-06 14:27:13,170 INFO spoon.Launcher - running Spoon...
2018-06-06 14:27:13,170 INFO spoon.Launcher - start processing...
2018-06-06 14:27:13,216 INFO spoon.Launcher - end of processing: 
2018-06-06 14:27:13,216 INFO spoon.Launcher - no errors, no warnings
2018-06-06 14:27:13,382 INFO spoon.Launcher - Spoon version 6.3.0-SNAPSHOT
2018-06-06 14:27:13,383 INFO spoon.Launcher - running Spoon...
2018-06-06 14:27:13,383 INFO spoon.Launcher - start processing...
2018-06-06 14:27:13,431 INFO spoon.Launcher - end of processing: 
2018-06-06 14:27:13,432 INFO spoon.Launcher - no errors, no warnings
2018-06-06 14:27:13,762 INFO spoon.Launcher - Spoon version 6.3.0-SNAPSHOT
2018-06-06 14:27:13,762 INFO spoon.Launcher - running Spoon...
2018-06-06 14:27:13,763 INFO spoon.Launcher - start processing...
2018-06-06 14:27:13,845 INFO spoon.Launcher - end of processing: 
2018-06-06 14:27:13,846 INFO spoon.Launcher - no errors, no warnings
2018-06-06 14:27:14,000 INFO spoon.Launcher - Spoon version 6.3.0-SNAPSHOT
2018-06-06 14:27:14,000 INFO spoon.Launcher - running Spoon...
2018-06-06 14:27:14,001 INFO spoon.Launcher - start processing...
2018-06-06 14:27:14,083 INFO spoon.Launcher - end of processing: 
2018-06-06 14:27:14,083 INFO spoon.Launcher - no errors, no warnings
2018-06-06 14:27:14,558 INFO spoon.Launcher - Spoon version 6.3.0-SNAPSHOT
2018-06-06 14:27:14,558 INFO spoon.Launcher - running Spoon...
2018-06-06 14:27:14,558 INFO spoon.Launcher - start processing...
2018-06-06 14:27:14,602 INFO spoon.Launcher - end of processing: 
2018-06-06 14:27:14,603 INFO spoon.Launcher - no errors, no warnings
2018-06-06 14:27:15,034 INFO spoon.Launcher - Spoon version 6.3.0-SNAPSHOT
2018-06-06 14:27:15,034 INFO spoon.Launcher - running Spoon...
2018-06-06 14:27:15,035 INFO spoon.Launcher - start processing...
2018-06-06 14:27:15,116 INFO spoon.Launcher - end of processing: 
2018-06-06 14:27:15,117 INFO spoon.Launcher - no errors, no warnings
2018-06-06 14:27:15,344 INFO spoon.Launcher - Spoon version 6.3.0-SNAPSHOT
2018-06-06 14:27:15,345 INFO spoon.Launcher - running Spoon...
2018-06-06 14:27:15,345 INFO spoon.Launcher - start processing...
2018-06-06 14:27:15,389 INFO spoon.Launcher - end of processing: 
2018-06-06 14:27:15,390 INFO spoon.Launcher - no errors, no warnings
2018-06-06 14:27:15,430 INFO spoon.Launcher - Spoon version 6.3.0-SNAPSHOT
2018-06-06 14:27:15,431 INFO spoon.Launcher - running Spoon...
2018-06-06 14:27:15,431 INFO spoon.Launcher - start processing...
2018-06-06 14:27:15,475 INFO spoon.Launcher - end of processing: 
2018-06-06 14:27:15,475 INFO spoon.Launcher - no errors, no warnings
2018-06-06 14:27:15,589 INFO spoon.Launcher - Spoon version 6.3.0-SNAPSHOT
2018-06-06 14:27:15,590 INFO spoon.Launcher - running Spoon...
2018-06-06 14:27:15,590 INFO spoon.Launcher - start processing...
2018-06-06 14:27:15,634 INFO spoon.Launcher - end of processing: 
2018-06-06 14:27:15,635 INFO spoon.Launcher - no errors, no warnings
2018-06-06 14:27:15,752 INFO spoon.Launcher - Spoon version 6.3.0-SNAPSHOT
2018-06-06 14:27:15,753 INFO spoon.Launcher - running Spoon...
2018-06-06 14:27:15,753 INFO spoon.Launcher - start processing...
2018-06-06 14:27:15,798 INFO spoon.Launcher - end of processing: 
2018-06-06 14:27:15,798 INFO spoon.Launcher - no errors, no warnings
2018-06-06 14:27:15,839 INFO spoon.Launcher - Spoon version 6.3.0-SNAPSHOT
2018-06-06 14:27:15,839 INFO spoon.Launcher - running Spoon...
2018-06-06 14:27:15,839 INFO spoon.Launcher - start processing...
2018-06-06 14:27:15,884 INFO spoon.Launcher - end of processing: 
2018-06-06 14:27:15,885 INFO spoon.Launcher - no errors, no warnings
2018-06-06 14:27:16,225 INFO spoon.Launcher - Spoon version 6.3.0-SNAPSHOT
2018-06-06 14:27:16,225 INFO spoon.Launcher - running Spoon...
2018-06-06 14:27:16,225 INFO spoon.Launcher - start processing...
2018-06-06 14:27:16,270 INFO spoon.Launcher - end of processing: 
2018-06-06 14:27:16,271 INFO spoon.Launcher - no errors, no warnings
2018-06-06 14:27:16,314 INFO spoon.Launcher - Spoon version 6.3.0-SNAPSHOT
2018-06-06 14:27:16,314 INFO spoon.Launcher - running Spoon...
2018-06-06 14:27:16,315 INFO spoon.Launcher - start processing...
2018-06-06 14:27:16,360 INFO spoon.Launcher - end of processing: 
2018-06-06 14:27:16,360 INFO spoon.Launcher - no errors, no warnings
2018-06-06 14:27:16,656 INFO spoon.Launcher - Spoon version 6.3.0-SNAPSHOT
2018-06-06 14:27:16,656 INFO spoon.Launcher - running Spoon...
2018-06-06 14:27:16,656 INFO spoon.Launcher - start processing...
2018-06-06 14:27:16,706 INFO spoon.Launcher - end of processing: 
2018-06-06 14:27:16,706 INFO spoon.Launcher - no errors, no warnings
2018-06-06 14:27:16,711 INFO spoon.Launcher - Step filter CtClass only) spoon.reflect.CtModelImpl$CtRootPackage cannot be cast to spoon.reflect.declaration.CtClass
Parameter 1) CtRootPackage: unnamed package
2018-06-06 14:27:16,711 INFO spoon.Launcher - Step filter CtClass only) spoon.support.reflect.declaration.CtPackageImpl cannot be cast to spoon.reflect.declaration.CtClass
Parameter 1) CtPackageImpl: spoon
2018-06-06 14:27:16,711 INFO spoon.Launcher - Step filter CtClass only) spoon.support.reflect.declaration.CtPackageImpl cannot be cast to spoon.reflect.declaration.CtClass
Parameter 1) CtPackageImpl: spoon.test
2018-06-06 14:27:16,711 INFO spoon.Launcher - Step filter CtClass only) spoon.support.reflect.declaration.CtPackageImpl cannot be cast to spoon.reflect.declaration.CtClass
Parameter 1) CtPackageImpl: spoon.test.filters
2018-06-06 14:27:16,712 INFO spoon.Launcher - Step filter CtClass only) spoon.support.reflect.declaration.CtPackageImpl cannot be cast to spoon.reflect.declaration.CtClass
Parameter 1) CtPackageImpl: spoon.test.filters.testclasses
2018-06-06 14:27:16,712 INFO spoon.Launcher - Step filter CtClass only) spoon.support.reflect.reference.CtTypeReferenceImpl cannot be cast to spoon.reflect.declaration.CtClass
Parameter 1) CtTypeReferenceImpl: spoon.test.filters.testclasses.ITostada
2018-06-06 14:27:16,713 INFO spoon.Launcher - Step filter CtClass only) spoon.support.reflect.reference.CtPackageReferenceImpl cannot be cast to spoon.reflect.declaration.CtClass
Parameter 1) CtPackageReferenceImpl: spoon.test.filters.testclasses
2018-06-06 14:27:16,713 INFO spoon.Launcher - Step filter CtClass only) spoon.support.reflect.declaration.CtConstructorImpl cannot be cast to spoon.reflect.declaration.CtClass
Parameter 1) CtConstructorImpl: AbstractTostada() {
}
2018-06-06 14:27:16,713 INFO spoon.Launcher - Step filter CtClass only) spoon.support.reflect.code.CtBlockImpl cannot be cast to spoon.reflect.declaration.CtClass
Parameter 1) CtBlockImpl: {
}
2018-06-06 14:27:16,713 INFO spoon.Launcher - Step filter CtClass only) spoon.support.reflect.code.CtInvocationImpl cannot be cast to spoon.reflect.declaration.CtClass
Parameter 1) CtInvocationImpl: super()
2018-06-06 14:27:16,713 INFO spoon.Launcher - Step filter CtClass only) spoon.support.reflect.reference.CtExecutableReferenceImpl cannot be cast to spoon.reflect.declaration.CtClass
Parameter 1) CtExecutableReferenceImpl: java.lang.Object()
2018-06-06 14:27:16,714 INFO spoon.Launcher - Step filter CtClass only) spoon.support.reflect.reference.CtTypeReferenceImpl cannot be cast to spoon.reflect.declaration.CtClass
Parameter 1) CtTypeReferenceImpl: java.lang.Object
2018-06-06 14:27:16,714 INFO spoon.Launcher - Step filter CtClass only) spoon.support.reflect.reference.CtPackageReferenceImpl cannot be cast to spoon.reflect.declaration.CtClass
Parameter 1) CtPackageReferenceImpl: java.lang
2018-06-06 14:27:16,714 INFO spoon.Launcher - Step filter CtClass only) spoon.support.reflect.reference.CtTypeReferenceImpl cannot be cast to spoon.reflect.declaration.CtClass
Parameter 1) CtTypeReferenceImpl: java.lang.Object
2018-06-06 14:27:16,714 INFO spoon.Launcher - Step filter CtClass only) spoon.support.reflect.reference.CtPackageReferenceImpl cannot be cast to spoon.reflect.declaration.CtClass
Parameter 1) CtPackageReferenceImpl: java.lang
2018-06-06 14:27:16,715 INFO spoon.Launcher - Step filter CtClass only) spoon.support.reflect.declaration.CtMethodImpl cannot be cast to spoon.reflect.declaration.CtClass
Parameter 1) CtMethodImpl: @java.lang.Override
public spoon.test.filters.testclasses.ITostada make() {
    return new spoon.test.filters.testclasses.Tostada() {
        @java.lang.Override
        public void prepare() {
            super.prepare();
        }

        @java.lang.Override
        public spoon.test.filters.testclasses.ITostada make() {
            return super.make();
        }
    };
}
2018-06-06 14:27:16,715 INFO spoon.Launcher - Step filter CtClass only) spoon.support.reflect.declaration.CtAnnotationImpl cannot be cast to spoon.reflect.declaration.CtClass
Parameter 1) CtAnnotationImpl: @java.lang.Override
2018-06-06 14:27:16,715 INFO spoon.Launcher - Step filter CtClass only) spoon.support.reflect.reference.CtTypeReferenceImpl cannot be cast to spoon.reflect.declaration.CtClass
Parameter 1) CtTypeReferenceImpl: java.lang.Override
2018-06-06 14:27:16,715 INFO spoon.Launcher - Step filter CtClass only) spoon.support.reflect.reference.CtPackageReferenceImpl cannot be cast to spoon.reflect.declaration.CtClass
Parameter 1) CtPackageReferenceImpl: java.lang
2018-06-06 14:27:16,715 INFO spoon.Launcher - Step filter CtClass only) spoon.support.reflect.reference.CtTypeReferenceImpl cannot be cast to spoon.reflect.declaration.CtClass
Parameter 1) CtTypeReferenceImpl: java.lang.Override
2018-06-06 14:27:16,715 INFO spoon.Launcher - Step filter CtClass only) spoon.support.reflect.reference.CtPackageReferenceImpl cannot be cast to spoon.reflect.declaration.CtClass
Parameter 1) CtPackageReferenceImpl: java.lang
2018-06-06 14:27:16,716 INFO spoon.Launcher - Step filter CtClass only) spoon.support.reflect.reference.CtTypeReferenceImpl cannot be cast to spoon.reflect.declaration.CtClass
Parameter 1) CtTypeReferenceImpl: spoon.test.filters.testclasses.ITostada
2018-06-06 14:27:16,716 INFO spoon.Launcher - Step filter CtClass only) spoon.support.reflect.reference.CtPackageReferenceImpl cannot be cast to spoon.reflect.declaration.CtClass
Parameter 1) CtPackageReferenceImpl: spoon.test.filters.testclasses
2018-06-06 14:27:16,716 INFO spoon.Launcher - Step filter CtClass only) spoon.support.reflect.code.CtBlockImpl cannot be cast to spoon.reflect.declaration.CtClass
Parameter 1) CtBlockImpl: {
    return new spoon.test.filters.testclasses.Tostada() {
        @java.lang.Override
        public void prepare() {
            super.prepare();
        }

        @java.lang.Override
        public spoon.test.filters.testclasses.ITostada make() {
            return super.make();
        }
    };
}
2018-06-06 14:27:16,716 INFO spoon.Launcher - Step filter CtClass only) spoon.support.reflect.code.CtReturnImpl cannot be cast to spoon.reflect.declaration.CtClass
Parameter 1) CtReturnImpl: return new spoon.test.filters.testclasses.Tostada() {
    @java.lang.Override
    public void prepare() {
        super.prepare();
    }

    @java.lang.Override
    public spoon.test.filters.testclasses.ITostada make() {
        return super.make();
    }
}
2018-06-06 14:27:16,717 INFO spoon.Launcher - Step filter CtClass only) spoon.support.reflect.code.CtNewClassImpl cannot be cast to spoon.reflect.declaration.CtClass
Parameter 1) CtNewClassImpl: new spoon.test.filters.testclasses.Tostada() {
    @java.lang.Override
    public void prepare() {
        super.prepare();
    }

    @java.lang.Override
    public spoon.test.filters.testclasses.ITostada make() {
        return super.make();
    }
}
2018-06-06 14:27:16,717 INFO spoon.Launcher - Step filter CtClass only) spoon.support.reflect.reference.CtExecutableReferenceImpl cannot be cast to spoon.reflect.declaration.CtClass
Parameter 1) CtExecutableReferenceImpl: spoon.test.filters.testclasses.AbstractTostada$1()
2018-06-06 14:27:16,719 INFO spoon.Launcher - Step filter CtClass only) spoon.support.reflect.reference.CtTypeReferenceImpl cannot be cast to spoon.reflect.declaration.CtClass
Parameter 1) CtTypeReferenceImpl: spoon.test.filters.testclasses.AbstractTostada.1
2018-06-06 14:27:16,719 INFO spoon.Launcher - Step filter CtClass only) spoon.support.reflect.reference.CtTypeReferenceImpl cannot be cast to spoon.reflect.declaration.CtClass
Parameter 1) CtTypeReferenceImpl: spoon.test.filters.testclasses.AbstractTostada
2018-06-06 14:27:16,719 INFO spoon.Launcher - Step filter CtClass only) spoon.support.reflect.reference.CtPackageReferenceImpl cannot be cast to spoon.reflect.declaration.CtClass
Parameter 1) CtPackageReferenceImpl: spoon.test.filters.testclasses
2018-06-06 14:27:16,719 INFO spoon.Launcher - Step filter CtClass only) spoon.support.reflect.reference.CtTypeReferenceImpl cannot be cast to spoon.reflect.declaration.CtClass
Parameter 1) CtTypeReferenceImpl: spoon.test.filters.testclasses.Tostada
2018-06-06 14:27:16,719 INFO spoon.Launcher - Step filter CtClass only) spoon.support.reflect.reference.CtPackageReferenceImpl cannot be cast to spoon.reflect.declaration.CtClass
Parameter 1) CtPackageReferenceImpl: spoon.test.filters.testclasses
2018-06-06 14:27:16,719 INFO spoon.Launcher - Step filter CtClass only) spoon.support.reflect.reference.CtTypeReferenceImpl cannot be cast to spoon.reflect.declaration.CtClass
Parameter 1) CtTypeReferenceImpl: spoon.test.filters.testclasses.Tostada
2018-06-06 14:27:16,720 INFO spoon.Launcher - Step filter CtClass only) spoon.support.reflect.reference.CtPackageReferenceImpl cannot be cast to spoon.reflect.declaration.CtClass
Parameter 1) CtPackageReferenceImpl: spoon.test.filters.testclasses
2018-06-06 14:27:16,720 INFO spoon.Launcher - Step filter CtClass only) spoon.support.reflect.declaration.CtConstructorImpl cannot be cast to spoon.reflect.declaration.CtClass
Parameter 1) CtConstructorImpl: 1() {
}
2018-06-06 14:27:16,720 INFO spoon.Launcher - Step filter CtClass only) spoon.support.reflect.code.CtBlockImpl cannot be cast to spoon.reflect.declaration.CtClass
Parameter 1) CtBlockImpl: {
}
2018-06-06 14:27:16,720 INFO spoon.Launcher - Step filter CtClass only) spoon.support.reflect.code.CtInvocationImpl cannot be cast to spoon.reflect.declaration.CtClass
Parameter 1) CtInvocationImpl: super()
2018-06-06 14:27:16,720 INFO spoon.Launcher - Step filter CtClass only) spoon.support.reflect.reference.CtExecutableReferenceImpl cannot be cast to spoon.reflect.declaration.CtClass
Parameter 1) CtExecutableReferenceImpl: spoon.test.filters.testclasses.Tostada()
2018-06-06 14:27:16,720 INFO spoon.Launcher - Step filter CtClass only) spoon.support.reflect.reference.CtTypeReferenceImpl cannot be cast to spoon.reflect.declaration.CtClass
Parameter 1) CtTypeReferenceImpl: spoon.test.filters.testclasses.Tostada
2018-06-06 14:27:16,721 INFO spoon.Launcher - Step filter CtClass only) spoon.support.reflect.reference.CtPackageReferenceImpl cannot be cast to spoon.reflect.declaration.CtClass
Parameter 1) CtPackageReferenceImpl: spoon.test.filters.testclasses
2018-06-06 14:27:16,721 INFO spoon.Launcher - Step filter CtClass only) spoon.support.reflect.reference.CtTypeReferenceImpl cannot be cast to spoon.reflect.declaration.CtClass
Parameter 1) CtTypeReferenceImpl: spoon.test.filters.testclasses.Tostada
2018-06-06 14:27:16,721 INFO spoon.Launcher - Step filter CtClass only) spoon.support.reflect.reference.CtPackageReferenceImpl cannot be cast to spoon.reflect.declaration.CtClass
Parameter 1) CtPackageReferenceImpl: spoon.test.filters.testclasses
2018-06-06 14:27:16,721 INFO spoon.Launcher - Step filter CtClass only) spoon.support.reflect.declaration.CtMethodImpl cannot be cast to spoon.reflect.declaration.CtClass
Parameter 1) CtMethodImpl: @java.lang.Override
public void prepare() {
    super.prepare();
}
2018-06-06 14:27:16,721 INFO spoon.Launcher - Step filter CtClass only) spoon.support.reflect.declaration.CtAnnotationImpl cannot be cast to spoon.reflect.declaration.CtClass
Parameter 1) CtAnnotationImpl: @java.lang.Override
2018-06-06 14:27:16,721 INFO spoon.Launcher - Step filter CtClass only) spoon.support.reflect.reference.CtTypeReferenceImpl cannot be cast to spoon.reflect.declaration.CtClass
Parameter 1) CtTypeReferenceImpl: java.lang.Override
2018-06-06 14:27:16,722 INFO spoon.Launcher - Step filter CtClass only) spoon.support.reflect.reference.CtPackageReferenceImpl cannot be cast to spoon.reflect.declaration.CtClass
Parameter 1) CtPackageReferenceImpl: java.lang
2018-06-06 14:27:16,722 INFO spoon.Launcher - Step filter CtClass only) spoon.support.reflect.reference.CtTypeReferenceImpl cannot be cast to spoon.reflect.declaration.CtClass
Parameter 1) CtTypeReferenceImpl: java.lang.Override
2018-06-06 14:27:16,722 INFO spoon.Launcher - Step filter CtClass only) spoon.support.reflect.reference.CtPackageReferenceImpl cannot be cast to spoon.reflect.declaration.CtClass
Parameter 1) CtPackageReferenceImpl: java.lang
2018-06-06 14:27:16,722 INFO spoon.Launcher - Step filter CtClass only) spoon.support.reflect.reference.CtTypeReferenceImpl cannot be cast to spoon.reflect.declaration.CtClass
Parameter 1) CtTypeReferenceImpl: void
2018-06-06 14:27:16,722 INFO spoon.Launcher - Step filter CtClass only) spoon.support.reflect.code.CtBlockImpl cannot be cast to spoon.reflect.declaration.CtClass
Parameter 1) CtBlockImpl: {
    super.prepare();
}
2018-06-06 14:27:16,723 INFO spoon.Launcher - Step filter CtClass only) spoon.support.reflect.code.CtInvocationImpl cannot be cast to spoon.reflect.declaration.CtClass
Parameter 1) CtInvocationImpl: super.prepare()
2018-06-06 14:27:16,723 INFO spoon.Launcher - Step filter CtClass only) spoon.support.reflect.code.CtSuperAccessImpl cannot be cast to spoon.reflect.declaration.CtClass
Parameter 1) CtSuperAccessImpl: super
2018-06-06 14:27:16,723 INFO spoon.Launcher - Step filter CtClass only) spoon.support.reflect.reference.CtLocalVariableReferenceImpl cannot be cast to spoon.reflect.declaration.CtClass
Parameter 1) CtLocalVariableReferenceImpl: 
2018-06-06 14:27:16,723 INFO spoon.Launcher - Step filter CtClass only) spoon.support.reflect.reference.CtTypeReferenceImpl cannot be cast to spoon.reflect.declaration.CtClass
Parameter 1) CtTypeReferenceImpl: spoon.test.filters.testclasses.Tostada
2018-06-06 14:27:16,723 INFO spoon.Launcher - Step filter CtClass only) spoon.support.reflect.reference.CtPackageReferenceImpl cannot be cast to spoon.reflect.declaration.CtClass
Parameter 1) CtPackageReferenceImpl: spoon.test.filters.testclasses
2018-06-06 14:27:16,723 INFO spoon.Launcher - Step filter CtClass only) spoon.support.reflect.reference.CtExecutableReferenceImpl cannot be cast to spoon.reflect.declaration.CtClass
Parameter 1) CtExecutableReferenceImpl: prepare()
2018-06-06 14:27:16,724 INFO spoon.Launcher - Step filter CtClass only) spoon.support.reflect.reference.CtTypeReferenceImpl cannot be cast to spoon.reflect.declaration.CtClass
Parameter 1) CtTypeReferenceImpl: spoon.test.filters.testclasses.Tostada
2018-06-06 14:27:16,724 INFO spoon.Launcher - Step filter CtClass only) spoon.support.reflect.reference.CtPackageReferenceImpl cannot be cast to spoon.reflect.declaration.CtClass
Parameter 1) CtPackageReferenceImpl: spoon.test.filters.testclasses
2018-06-06 14:27:16,724 INFO spoon.Launcher - Step filter CtClass only) spoon.support.reflect.reference.CtTypeReferenceImpl cannot be cast to spoon.reflect.declaration.CtClass
Parameter 1) CtTypeReferenceImpl: void
2018-06-06 14:27:16,724 INFO spoon.Launcher - Step filter CtClass only) spoon.support.reflect.declaration.CtMethodImpl cannot be cast to spoon.reflect.declaration.CtClass
Parameter 1) CtMethodImpl: @java.lang.Override
public spoon.test.filters.testclasses.ITostada make() {
    return super.make();
}
2018-06-06 14:27:16,724 INFO spoon.Launcher - Step filter CtClass only) spoon.support.reflect.declaration.CtAnnotationImpl cannot be cast to spoon.reflect.declaration.CtClass
Parameter 1) CtAnnotationImpl: @java.lang.Override
2018-06-06 14:27:16,724 INFO spoon.Launcher - Step filter CtClass only) spoon.support.reflect.reference.CtTypeReferenceImpl cannot be cast to spoon.reflect.declaration.CtClass
Parameter 1) CtTypeReferenceImpl: java.lang.Override
2018-06-06 14:27:16,725 INFO spoon.Launcher - Step filter CtClass only) spoon.support.reflect.reference.CtPackageReferenceImpl cannot be cast to spoon.reflect.declaration.CtClass
Parameter 1) CtPackageReferenceImpl: java.lang
2018-06-06 14:27:16,725 INFO spoon.Launcher - Step filter CtClass only) spoon.support.reflect.reference.CtTypeReferenceImpl cannot be cast to spoon.reflect.declaration.CtClass
Parameter 1) CtTypeReferenceImpl: java.lang.Override
2018-06-06 14:27:16,725 INFO spoon.Launcher - Step filter CtClass only) spoon.support.reflect.reference.CtPackageReferenceImpl cannot be cast to spoon.reflect.declaration.CtClass
Parameter 1) CtPackageReferenceImpl: java.lang
2018-06-06 14:27:16,725 INFO spoon.Launcher - Step filter CtClass only) spoon.support.reflect.reference.CtTypeReferenceImpl cannot be cast to spoon.reflect.declaration.CtClass
Parameter 1) CtTypeReferenceImpl: spoon.test.filters.testclasses.ITostada
2018-06-06 14:27:16,725 INFO spoon.Launcher - Step filter CtClass only) spoon.support.reflect.reference.CtPackageReferenceImpl cannot be cast to spoon.reflect.declaration.CtClass
Parameter 1) CtPackageReferenceImpl: spoon.test.filters.testclasses
2018-06-06 14:27:16,725 INFO spoon.Launcher - Step filter CtClass only) spoon.support.reflect.code.CtBlockImpl cannot be cast to spoon.reflect.declaration.CtClass
Parameter 1) CtBlockImpl: {
    return super.make();
}
2018-06-06 14:27:16,726 INFO spoon.Launcher - Step filter CtClass only) spoon.support.reflect.code.CtReturnImpl cannot be cast to spoon.reflect.declaration.CtClass
Parameter 1) CtReturnImpl: return super.make()
2018-06-06 14:27:16,726 INFO spoon.Launcher - Step filter CtClass only) spoon.support.reflect.code.CtInvocationImpl cannot be cast to spoon.reflect.declaration.CtClass
Parameter 1) CtInvocationImpl: super.make()
2018-06-06 14:27:16,726 INFO spoon.Launcher - Step filter CtClass only) spoon.support.reflect.code.CtSuperAccessImpl cannot be cast to spoon.reflect.declaration.CtClass
Parameter 1) CtSuperAccessImpl: super
2018-06-06 14:27:16,726 INFO spoon.Launcher - Step filter CtClass only) spoon.support.reflect.reference.CtLocalVariableReferenceImpl cannot be cast to spoon.reflect.declaration.CtClass
Parameter 1) CtLocalVariableReferenceImpl: 
2018-06-06 14:27:16,726 INFO spoon.Launcher - Step filter CtClass only) spoon.support.reflect.reference.CtTypeReferenceImpl cannot be cast to spoon.reflect.declaration.CtClass
Parameter 1) CtTypeReferenceImpl: spoon.test.filters.testclasses.Tostada
2018-06-06 14:27:16,727 INFO spoon.Launcher - Step filter CtClass only) spoon.support.reflect.reference.CtPackageReferenceImpl cannot be cast to spoon.reflect.declaration.CtClass
Parameter 1) CtPackageReferenceImpl: spoon.test.filters.testclasses
2018-06-06 14:27:16,727 INFO spoon.Launcher - Step filter CtClass only) spoon.support.reflect.reference.CtExecutableReferenceImpl cannot be cast to spoon.reflect.declaration.CtClass
Parameter 1) CtExecutableReferenceImpl: make()
2018-06-06 14:27:16,727 INFO spoon.Launcher - Step filter CtClass only) spoon.support.reflect.reference.CtTypeReferenceImpl cannot be cast to spoon.reflect.declaration.CtClass
Parameter 1) CtTypeReferenceImpl: spoon.test.filters.testclasses.Tostada
2018-06-06 14:27:16,727 INFO spoon.Launcher - Step filter CtClass only) spoon.support.reflect.reference.CtPackageReferenceImpl cannot be cast to spoon.reflect.declaration.CtClass
Parameter 1) CtPackageReferenceImpl: spoon.test.filters.testclasses
2018-06-06 14:27:16,727 INFO spoon.Launcher - Step filter CtClass only) spoon.support.reflect.reference.CtTypeReferenceImpl cannot be cast to spoon.reflect.declaration.CtClass
Parameter 1) CtTypeReferenceImpl: spoon.test.filters.testclasses.ITostada
2018-06-06 14:27:16,727 INFO spoon.Launcher - Step filter CtClass only) spoon.support.reflect.reference.CtPackageReferenceImpl cannot be cast to spoon.reflect.declaration.CtClass
Parameter 1) CtPackageReferenceImpl: spoon.test.filters.testclasses
2018-06-06 14:27:16,728 INFO spoon.Launcher - Step filter CtClass only) spoon.support.reflect.declaration.CtMethodImpl cannot be cast to spoon.reflect.declaration.CtClass
Parameter 1) CtMethodImpl: public abstract void prepare();
2018-06-06 14:27:16,728 INFO spoon.Launcher - Step filter CtClass only) spoon.support.reflect.reference.CtTypeReferenceImpl cannot be cast to spoon.reflect.declaration.CtClass
Parameter 1) CtTypeReferenceImpl: void
2018-06-06 14:27:16,728 INFO spoon.Launcher - Step filter CtClass only) spoon.support.reflect.declaration.CtMethodImpl cannot be cast to spoon.reflect.declaration.CtClass
Parameter 1) CtMethodImpl: public void honey() {
}
2018-06-06 14:27:16,728 INFO spoon.Launcher - Step filter CtClass only) spoon.support.reflect.reference.CtTypeReferenceImpl cannot be cast to spoon.reflect.declaration.CtClass
Parameter 1) CtTypeReferenceImpl: void
2018-06-06 14:27:16,728 INFO spoon.Launcher - Step filter CtClass only) spoon.support.reflect.code.CtBlockImpl cannot be cast to spoon.reflect.declaration.CtClass
Parameter 1) CtBlockImpl: {
}
2018-06-06 14:27:16,728 INFO spoon.Launcher - Step filter CtClass only) spoon.support.reflect.reference.CtTypeReferenceImpl cannot be cast to spoon.reflect.declaration.CtClass
Parameter 1) CtTypeReferenceImpl: spoon.test.filters.testclasses.AbstractTostada
2018-06-06 14:27:16,729 INFO spoon.Launcher - Step filter CtClass only) spoon.support.reflect.reference.CtPackageReferenceImpl cannot be cast to spoon.reflect.declaration.CtClass
Parameter 1) CtPackageReferenceImpl: spoon.test.filters.testclasses
2018-06-06 14:27:16,729 INFO spoon.Launcher - Step filter CtClass only) spoon.support.reflect.declaration.CtConstructorImpl cannot be cast to spoon.reflect.declaration.CtClass
Parameter 1) CtConstructorImpl: Antojito() {
}
2018-06-06 14:27:16,729 INFO spoon.Launcher - Step filter CtClass only) spoon.support.reflect.code.CtBlockImpl cannot be cast to spoon.reflect.declaration.CtClass
Parameter 1) CtBlockImpl: {
}
2018-06-06 14:27:16,729 INFO spoon.Launcher - Step filter CtClass only) spoon.support.reflect.code.CtInvocationImpl cannot be cast to spoon.reflect.declaration.CtClass
Parameter 1) CtInvocationImpl: super()
2018-06-06 14:27:16,729 INFO spoon.Launcher - Step filter CtClass only) spoon.support.reflect.reference.CtExecutableReferenceImpl cannot be cast to spoon.reflect.declaration.CtClass
Parameter 1) CtExecutableReferenceImpl: spoon.test.filters.testclasses.AbstractTostada()
2018-06-06 14:27:16,729 INFO spoon.Launcher - Step filter CtClass only) spoon.support.reflect.reference.CtTypeReferenceImpl cannot be cast to spoon.reflect.declaration.CtClass
Parameter 1) CtTypeReferenceImpl: spoon.test.filters.testclasses.AbstractTostada
2018-06-06 14:27:16,730 INFO spoon.Launcher - Step filter CtClass only) spoon.support.reflect.reference.CtPackageReferenceImpl cannot be cast to spoon.reflect.declaration.CtClass
Parameter 1) CtPackageReferenceImpl: spoon.test.filters.testclasses
2018-06-06 14:27:16,730 INFO spoon.Launcher - Step filter CtClass only) spoon.support.reflect.reference.CtTypeReferenceImpl cannot be cast to spoon.reflect.declaration.CtClass
Parameter 1) CtTypeReferenceImpl: spoon.test.filters.testclasses.AbstractTostada
2018-06-06 14:27:16,730 INFO spoon.Launcher - Step filter CtClass only) spoon.support.reflect.reference.CtPackageReferenceImpl cannot be cast to spoon.reflect.declaration.CtClass
Parameter 1) CtPackageReferenceImpl: spoon.test.filters.testclasses
2018-06-06 14:27:16,730 INFO spoon.Launcher - Step filter CtClass only) spoon.support.reflect.declaration.CtMethodImpl cannot be cast to spoon.reflect.declaration.CtClass
Parameter 1) CtMethodImpl: @java.lang.Override
public void prepare() {
    java.lang.System.out.println("Antojito");
}
2018-06-06 14:27:16,730 INFO spoon.Launcher - Step filter CtClass only) spoon.support.reflect.declaration.CtAnnotationImpl cannot be cast to spoon.reflect.declaration.CtClass
Parameter 1) CtAnnotationImpl: @java.lang.Override
2018-06-06 14:27:16,731 INFO spoon.Launcher - Step filter CtClass only) spoon.support.reflect.reference.CtTypeReferenceImpl cannot be cast to spoon.reflect.declaration.CtClass
Parameter 1) CtTypeReferenceImpl: java.lang.Override
2018-06-06 14:27:16,731 INFO spoon.Launcher - Step filter CtClass only) spoon.support.reflect.reference.CtPackageReferenceImpl cannot be cast to spoon.reflect.declaration.CtClass
Parameter 1) CtPackageReferenceImpl: java.lang
2018-06-06 14:27:16,731 INFO spoon.Launcher - Step filter CtClass only) spoon.support.reflect.reference.CtTypeReferenceImpl cannot be cast to spoon.reflect.declaration.CtClass
Parameter 1) CtTypeReferenceImpl: java.lang.Override
2018-06-06 14:27:16,731 INFO spoon.Launcher - Step filter CtClass only) spoon.support.reflect.reference.CtPackageReferenceImpl cannot be cast to spoon.reflect.declaration.CtClass
Parameter 1) CtPackageReferenceImpl: java.lang
2018-06-06 14:27:16,731 INFO spoon.Launcher - Step filter CtClass only) spoon.support.reflect.reference.CtTypeReferenceImpl cannot be cast to spoon.reflect.declaration.CtClass
Parameter 1) CtTypeReferenceImpl: void
2018-06-06 14:27:16,732 INFO spoon.Launcher - Step filter CtClass only) spoon.support.reflect.code.CtBlockImpl cannot be cast to spoon.reflect.declaration.CtClass
Parameter 1) CtBlockImpl: {
    java.lang.System.out.println("Antojito");
}
2018-06-06 14:27:16,732 INFO spoon.Launcher - Step filter CtClass only) spoon.support.reflect.code.CtInvocationImpl cannot be cast to spoon.reflect.declaration.CtClass
Parameter 1) CtInvocationImpl: java.lang.System.out.println("Antojito")
2018-06-06 14:27:16,732 INFO spoon.Launcher - Step filter CtClass only) spoon.support.reflect.code.CtFieldReadImpl cannot be cast to spoon.reflect.declaration.CtClass
Parameter 1) CtFieldReadImpl: java.lang.System.out
2018-06-06 14:27:16,732 INFO spoon.Launcher - Step filter CtClass only) spoon.support.reflect.code.CtTypeAccessImpl cannot be cast to spoon.reflect.declaration.CtClass
Parameter 1) CtTypeAccessImpl: java.lang.System
2018-06-06 14:27:16,732 INFO spoon.Launcher - Step filter CtClass only) spoon.support.reflect.reference.CtTypeReferenceImpl cannot be cast to spoon.reflect.declaration.CtClass
Parameter 1) CtTypeReferenceImpl: java.lang.System
2018-06-06 14:27:16,733 INFO spoon.Launcher - Step filter CtClass only) spoon.support.reflect.reference.CtPackageReferenceImpl cannot be cast to spoon.reflect.declaration.CtClass
Parameter 1) CtPackageReferenceImpl: java.lang
2018-06-06 14:27:16,733 INFO spoon.Launcher - Step filter CtClass only) spoon.support.reflect.reference.CtFieldReferenceImpl cannot be cast to spoon.reflect.declaration.CtClass
Parameter 1) CtFieldReferenceImpl: java.lang.System.out
2018-06-06 14:27:16,734 INFO spoon.Launcher - Step filter CtClass only) spoon.support.reflect.reference.CtTypeReferenceImpl cannot be cast to spoon.reflect.declaration.CtClass
Parameter 1) CtTypeReferenceImpl: java.lang.System
2018-06-06 14:27:16,734 INFO spoon.Launcher - Step filter CtClass only) spoon.support.reflect.reference.CtPackageReferenceImpl cannot be cast to spoon.reflect.declaration.CtClass
Parameter 1) CtPackageReferenceImpl: java.lang
2018-06-06 14:27:16,734 INFO spoon.Launcher - Step filter CtClass only) spoon.support.reflect.reference.CtTypeReferenceImpl cannot be cast to spoon.reflect.declaration.CtClass
Parameter 1) CtTypeReferenceImpl: java.io.PrintStream
2018-06-06 14:27:16,734 INFO spoon.Launcher - Step filter CtClass only) spoon.support.reflect.reference.CtPackageReferenceImpl cannot be cast to spoon.reflect.declaration.CtClass
Parameter 1) CtPackageReferenceImpl: java.io
2018-06-06 14:27:16,735 INFO spoon.Launcher - Step filter CtClass only) spoon.support.reflect.reference.CtExecutableReferenceImpl cannot be cast to spoon.reflect.declaration.CtClass
Parameter 1) CtExecutableReferenceImpl: println(java.lang.String)
2018-06-06 14:27:16,735 INFO spoon.Launcher - Step filter CtClass only) spoon.support.reflect.reference.CtTypeReferenceImpl cannot be cast to spoon.reflect.declaration.CtClass
Parameter 1) CtTypeReferenceImpl: java.io.PrintStream
2018-06-06 14:27:16,735 INFO spoon.Launcher - Step filter CtClass only) spoon.support.reflect.reference.CtPackageReferenceImpl cannot be cast to spoon.reflect.declaration.CtClass
Parameter 1) CtPackageReferenceImpl: java.io
2018-06-06 14:27:16,735 INFO spoon.Launcher - Step filter CtClass only) spoon.support.reflect.reference.CtTypeReferenceImpl cannot be cast to spoon.reflect.declaration.CtClass
Parameter 1) CtTypeReferenceImpl: void
2018-06-06 14:27:16,736 INFO spoon.Launcher - Step filter CtClass only) spoon.support.reflect.reference.CtTypeReferenceImpl cannot be cast to spoon.reflect.declaration.CtClass
Parameter 1) CtTypeReferenceImpl: java.lang.String
2018-06-06 14:27:16,736 INFO spoon.Launcher - Step filter CtClass only) spoon.support.reflect.reference.CtPackageReferenceImpl cannot be cast to spoon.reflect.declaration.CtClass
Parameter 1) CtPackageReferenceImpl: java.lang
2018-06-06 14:27:16,736 INFO spoon.Launcher - Step filter CtClass only) spoon.support.reflect.code.CtLiteralImpl cannot be cast to spoon.reflect.declaration.CtClass
Parameter 1) CtLiteralImpl: "Antojito"
2018-06-06 14:27:16,736 INFO spoon.Launcher - Step filter CtClass only) spoon.support.reflect.reference.CtTypeReferenceImpl cannot be cast to spoon.reflect.declaration.CtClass
Parameter 1) CtTypeReferenceImpl: java.lang.String
2018-06-06 14:27:16,737 INFO spoon.Launcher - Step filter CtClass only) spoon.support.reflect.reference.CtPackageReferenceImpl cannot be cast to spoon.reflect.declaration.CtClass
Parameter 1) CtPackageReferenceImpl: java.lang
2018-06-06 14:27:16,737 INFO spoon.Launcher - Step filter CtClass only) spoon.support.reflect.declaration.CtMethodImpl cannot be cast to spoon.reflect.declaration.CtClass
Parameter 1) CtMethodImpl: public void prepare(java.lang.String ingredient) {
}
2018-06-06 14:27:16,737 INFO spoon.Launcher - Step filter CtClass only) spoon.support.reflect.reference.CtTypeReferenceImpl cannot be cast to spoon.reflect.declaration.CtClass
Parameter 1) CtTypeReferenceImpl: void
2018-06-06 14:27:16,737 INFO spoon.Launcher - Step filter CtClass only) spoon.support.reflect.declaration.CtParameterImpl cannot be cast to spoon.reflect.declaration.CtClass
Parameter 1) CtParameterImpl: java.lang.String ingredient
2018-06-06 14:27:16,737 INFO spoon.Launcher - Step filter CtClass only) spoon.support.reflect.reference.CtTypeReferenceImpl cannot be cast to spoon.reflect.declaration.CtClass
Parameter 1) CtTypeReferenceImpl: java.lang.String
2018-06-06 14:27:16,737 INFO spoon.Launcher - Step filter CtClass only) spoon.support.reflect.reference.CtPackageReferenceImpl cannot be cast to spoon.reflect.declaration.CtClass
Parameter 1) CtPackageReferenceImpl: java.lang
2018-06-06 14:27:16,738 INFO spoon.Launcher - Step filter CtClass only) spoon.support.reflect.code.CtBlockImpl cannot be cast to spoon.reflect.declaration.CtClass
Parameter 1) CtBlockImpl: {
}
2018-06-06 14:27:16,738 INFO spoon.Launcher - Step filter CtClass only) spoon.support.reflect.reference.CtTypeReferenceImpl cannot be cast to spoon.reflect.declaration.CtClass
Parameter 1) CtTypeReferenceImpl: java.util.ArrayList
2018-06-06 14:27:16,738 INFO spoon.Launcher - Step filter CtClass only) spoon.support.reflect.reference.CtPackageReferenceImpl cannot be cast to spoon.reflect.declaration.CtClass
Parameter 1) CtPackageReferenceImpl: java.util
2018-06-06 14:27:16,738 INFO spoon.Launcher - Step filter CtClass only) spoon.support.reflect.declaration.CtFieldImpl cannot be cast to spoon.reflect.declaration.CtClass
Parameter 1) CtFieldImpl: private int myfield = 0;
2018-06-06 14:27:16,738 INFO spoon.Launcher - Step filter CtClass only) spoon.support.reflect.reference.CtTypeReferenceImpl cannot be cast to spoon.reflect.declaration.CtClass
Parameter 1) CtTypeReferenceImpl: int
2018-06-06 14:27:16,738 INFO spoon.Launcher - Step filter CtClass only) spoon.support.reflect.code.CtLiteralImpl cannot be cast to spoon.reflect.declaration.CtClass
Parameter 1) CtLiteralImpl: 0
2018-06-06 14:27:16,739 INFO spoon.Launcher - Step filter CtClass only) spoon.support.reflect.reference.CtTypeReferenceImpl cannot be cast to spoon.reflect.declaration.CtClass
Parameter 1) CtTypeReferenceImpl: int
2018-06-06 14:27:16,739 INFO spoon.Launcher - Step filter CtClass only) spoon.support.reflect.declaration.CtConstructorImpl cannot be cast to spoon.reflect.declaration.CtClass
Parameter 1) CtConstructorImpl: FieldAccessFilterTacos() {
    super();
    this.myfield = 0;
}
2018-06-06 14:27:16,739 INFO spoon.Launcher - Step filter CtClass only) spoon.support.reflect.code.CtBlockImpl cannot be cast to spoon.reflect.declaration.CtClass
Parameter 1) CtBlockImpl: {
    super();
    this.myfield = 0;
}
2018-06-06 14:27:16,739 INFO spoon.Launcher - Step filter CtClass only) spoon.support.reflect.code.CtInvocationImpl cannot be cast to spoon.reflect.declaration.CtClass
Parameter 1) CtInvocationImpl: super()
2018-06-06 14:27:16,739 INFO spoon.Launcher - Step filter CtClass only) spoon.support.reflect.reference.CtExecutableReferenceImpl cannot be cast to spoon.reflect.declaration.CtClass
Parameter 1) CtExecutableReferenceImpl: java.util.ArrayList()
2018-06-06 14:27:16,740 INFO spoon.Launcher - Step filter CtClass only) spoon.support.reflect.reference.CtTypeReferenceImpl cannot be cast to spoon.reflect.declaration.CtClass
Parameter 1) CtTypeReferenceImpl: java.util.ArrayList
2018-06-06 14:27:16,740 INFO spoon.Launcher - Step filter CtClass only) spoon.support.reflect.reference.CtPackageReferenceImpl cannot be cast to spoon.reflect.declaration.CtClass
Parameter 1) CtPackageReferenceImpl: java.util
2018-06-06 14:27:16,740 INFO spoon.Launcher - Step filter CtClass only) spoon.support.reflect.reference.CtTypeReferenceImpl cannot be cast to spoon.reflect.declaration.CtClass
Parameter 1) CtTypeReferenceImpl: java.util.ArrayList
2018-06-06 14:27:16,740 INFO spoon.Launcher - Step filter CtClass only) spoon.support.reflect.reference.CtPackageReferenceImpl cannot be cast to spoon.reflect.declaration.CtClass
Parameter 1) CtPackageReferenceImpl: java.util
2018-06-06 14:27:16,740 INFO spoon.Launcher - Step filter CtClass only) spoon.support.reflect.code.CtAssignmentImpl cannot be cast to spoon.reflect.declaration.CtClass
Parameter 1) CtAssignmentImpl: this.myfield = 0
2018-06-06 14:27:16,740 INFO spoon.Launcher - Step filter CtClass only) spoon.support.reflect.reference.CtTypeReferenceImpl cannot be cast to spoon.reflect.declaration.CtClass
Parameter 1) CtTypeReferenceImpl: int
2018-06-06 14:27:16,741 INFO spoon.Launcher - Step filter CtClass only) spoon.support.reflect.code.CtFieldWriteImpl cannot be cast to spoon.reflect.declaration.CtClass
Parameter 1) CtFieldWriteImpl: this.myfield
2018-06-06 14:27:16,741 INFO spoon.Launcher - Step filter CtClass only) spoon.support.reflect.code.CtThisAccessImpl cannot be cast to spoon.reflect.declaration.CtClass
Parameter 1) CtThisAccessImpl: this
2018-06-06 14:27:16,741 INFO spoon.Launcher - Step filter CtClass only) spoon.support.reflect.reference.CtTypeReferenceImpl cannot be cast to spoon.reflect.declaration.CtClass
Parameter 1) CtTypeReferenceImpl: spoon.test.filters.testclasses.FieldAccessFilterTacos
2018-06-06 14:27:16,741 INFO spoon.Launcher - Step filter CtClass only) spoon.support.reflect.reference.CtPackageReferenceImpl cannot be cast to spoon.reflect.declaration.CtClass
Parameter 1) CtPackageReferenceImpl: spoon.test.filters.testclasses
2018-06-06 14:27:16,741 INFO spoon.Launcher - Step filter CtClass only) spoon.support.reflect.code.CtTypeAccessImpl cannot be cast to spoon.reflect.declaration.CtClass
Parameter 1) CtTypeAccessImpl: spoon.test.filters.testclasses.FieldAccessFilterTacos
2018-06-06 14:27:16,741 INFO spoon.Launcher - Step filter CtClass only) spoon.support.reflect.reference.CtTypeReferenceImpl cannot be cast to spoon.reflect.declaration.CtClass
Parameter 1) CtTypeReferenceImpl: spoon.test.filters.testclasses.FieldAccessFilterTacos
2018-06-06 14:27:16,742 INFO spoon.Launcher - Step filter CtClass only) spoon.support.reflect.reference.CtPackageReferenceImpl cannot be cast to spoon.reflect.declaration.CtClass
Parameter 1) CtPackageReferenceImpl: spoon.test.filters.testclasses
2018-06-06 14:27:16,742 INFO spoon.Launcher - Step filter CtClass only) spoon.support.reflect.reference.CtFieldReferenceImpl cannot be cast to spoon.reflect.declaration.CtClass
Parameter 1) CtFieldReferenceImpl: myfield
2018-06-06 14:27:16,742 INFO spoon.Launcher - Step filter CtClass only) spoon.support.reflect.reference.CtTypeReferenceImpl cannot be cast to spoon.reflect.declaration.CtClass
Parameter 1) CtTypeReferenceImpl: spoon.test.filters.testclasses.FieldAccessFilterTacos
2018-06-06 14:27:16,742 INFO spoon.Launcher - Step filter CtClass only) spoon.support.reflect.reference.CtPackageReferenceImpl cannot be cast to spoon.reflect.declaration.CtClass
Parameter 1) CtPackageReferenceImpl: spoon.test.filters.testclasses
2018-06-06 14:27:16,742 INFO spoon.Launcher - Step filter CtClass only) spoon.support.reflect.reference.CtTypeReferenceImpl cannot be cast to spoon.reflect.declaration.CtClass
Parameter 1) CtTypeReferenceImpl: int
2018-06-06 14:27:16,742 INFO spoon.Launcher - Step filter CtClass only) spoon.support.reflect.code.CtLiteralImpl cannot be cast to spoon.reflect.declaration.CtClass
Parameter 1) CtLiteralImpl: 0
2018-06-06 14:27:16,742 INFO spoon.Launcher - Step filter CtClass only) spoon.support.reflect.reference.CtTypeReferenceImpl cannot be cast to spoon.reflect.declaration.CtClass
Parameter 1) CtTypeReferenceImpl: int
2018-06-06 14:27:16,743 INFO spoon.Launcher - Step filter CtClass only) spoon.support.reflect.declaration.CtMethodImpl cannot be cast to spoon.reflect.declaration.CtClass
Parameter 1) CtMethodImpl: public void m() {
    myfield = super.size();
    java.lang.Object o = super.get(myfield);
}
2018-06-06 14:27:16,743 INFO spoon.Launcher - Step filter CtClass only) spoon.support.reflect.reference.CtTypeReferenceImpl cannot be cast to spoon.reflect.declaration.CtClass
Parameter 1) CtTypeReferenceImpl: void
2018-06-06 14:27:16,744 INFO spoon.Launcher - Step filter CtClass only) spoon.support.reflect.code.CtBlockImpl cannot be cast to spoon.reflect.declaration.CtClass
Parameter 1) CtBlockImpl: {
    myfield = super.size();
    java.lang.Object o = super.get(myfield);
}
2018-06-06 14:27:16,744 INFO spoon.Launcher - Step filter CtClass only) spoon.support.reflect.code.CtAssignmentImpl cannot be cast to spoon.reflect.declaration.CtClass
Parameter 1) CtAssignmentImpl: myfield = super.size()
2018-06-06 14:27:16,744 INFO spoon.Launcher - Step filter CtClass only) spoon.support.reflect.reference.CtTypeReferenceImpl cannot be cast to spoon.reflect.declaration.CtClass
Parameter 1) CtTypeReferenceImpl: int
2018-06-06 14:27:16,744 INFO spoon.Launcher - Step filter CtClass only) spoon.support.reflect.code.CtFieldWriteImpl cannot be cast to spoon.reflect.declaration.CtClass
Parameter 1) CtFieldWriteImpl: myfield
2018-06-06 14:27:16,745 INFO spoon.Launcher - Step filter CtClass only) spoon.support.reflect.code.CtThisAccessImpl cannot be cast to spoon.reflect.declaration.CtClass
Parameter 1) CtThisAccessImpl: 
2018-06-06 14:27:16,745 INFO spoon.Launcher - Step filter CtClass only) spoon.support.reflect.reference.CtTypeReferenceImpl cannot be cast to spoon.reflect.declaration.CtClass
Parameter 1) CtTypeReferenceImpl: spoon.test.filters.testclasses.FieldAccessFilterTacos
2018-06-06 14:27:16,745 INFO spoon.Launcher - Step filter CtClass only) spoon.support.reflect.reference.CtPackageReferenceImpl cannot be cast to spoon.reflect.declaration.CtClass
Parameter 1) CtPackageReferenceImpl: spoon.test.filters.testclasses
2018-06-06 14:27:16,745 INFO spoon.Launcher - Step filter CtClass only) spoon.support.reflect.code.CtTypeAccessImpl cannot be cast to spoon.reflect.declaration.CtClass
Parameter 1) CtTypeAccessImpl: spoon.test.filters.testclasses.FieldAccessFilterTacos
2018-06-06 14:27:16,745 INFO spoon.Launcher - Step filter CtClass only) spoon.support.reflect.reference.CtTypeReferenceImpl cannot be cast to spoon.reflect.declaration.CtClass
Parameter 1) CtTypeReferenceImpl: spoon.test.filters.testclasses.FieldAccessFilterTacos
2018-06-06 14:27:16,745 INFO spoon.Launcher - Step filter CtClass only) spoon.support.reflect.reference.CtPackageReferenceImpl cannot be cast to spoon.reflect.declaration.CtClass
Parameter 1) CtPackageReferenceImpl: spoon.test.filters.testclasses
2018-06-06 14:27:16,746 INFO spoon.Launcher - Step filter CtClass only) spoon.support.reflect.reference.CtFieldReferenceImpl cannot be cast to spoon.reflect.declaration.CtClass
Parameter 1) CtFieldReferenceImpl: myfield
2018-06-06 14:27:16,746 INFO spoon.Launcher - Step filter CtClass only) spoon.support.reflect.reference.CtTypeReferenceImpl cannot be cast to spoon.reflect.declaration.CtClass
Parameter 1) CtTypeReferenceImpl: spoon.test.filters.testclasses.FieldAccessFilterTacos
2018-06-06 14:27:16,746 INFO spoon.Launcher - Step filter CtClass only) spoon.support.reflect.reference.CtPackageReferenceImpl cannot be cast to spoon.reflect.declaration.CtClass
Parameter 1) CtPackageReferenceImpl: spoon.test.filters.testclasses
2018-06-06 14:27:16,746 INFO spoon.Launcher - Step filter CtClass only) spoon.support.reflect.reference.CtTypeReferenceImpl cannot be cast to spoon.reflect.declaration.CtClass
Parameter 1) CtTypeReferenceImpl: int
2018-06-06 14:27:16,746 INFO spoon.Launcher - Step filter CtClass only) spoon.support.reflect.code.CtInvocationImpl cannot be cast to spoon.reflect.declaration.CtClass
Parameter 1) CtInvocationImpl: super.size()
2018-06-06 14:27:16,746 INFO spoon.Launcher - Step filter CtClass only) spoon.support.reflect.code.CtSuperAccessImpl cannot be cast to spoon.reflect.declaration.CtClass
Parameter 1) CtSuperAccessImpl: super
2018-06-06 14:27:16,747 INFO spoon.Launcher - Step filter CtClass only) spoon.support.reflect.reference.CtLocalVariableReferenceImpl cannot be cast to spoon.reflect.declaration.CtClass
Parameter 1) CtLocalVariableReferenceImpl: 
2018-06-06 14:27:16,747 INFO spoon.Launcher - Step filter CtClass only) spoon.support.reflect.reference.CtTypeReferenceImpl cannot be cast to spoon.reflect.declaration.CtClass
Parameter 1) CtTypeReferenceImpl: java.util.ArrayList
2018-06-06 14:27:16,747 INFO spoon.Launcher - Step filter CtClass only) spoon.support.reflect.reference.CtPackageReferenceImpl cannot be cast to spoon.reflect.declaration.CtClass
Parameter 1) CtPackageReferenceImpl: java.util
2018-06-06 14:27:16,747 INFO spoon.Launcher - Step filter CtClass only) spoon.support.reflect.reference.CtExecutableReferenceImpl cannot be cast to spoon.reflect.declaration.CtClass
Parameter 1) CtExecutableReferenceImpl: size()
2018-06-06 14:27:16,747 INFO spoon.Launcher - Step filter CtClass only) spoon.support.reflect.reference.CtTypeReferenceImpl cannot be cast to spoon.reflect.declaration.CtClass
Parameter 1) CtTypeReferenceImpl: java.util.ArrayList
2018-06-06 14:27:16,747 INFO spoon.Launcher - Step filter CtClass only) spoon.support.reflect.reference.CtPackageReferenceImpl cannot be cast to spoon.reflect.declaration.CtClass
Parameter 1) CtPackageReferenceImpl: java.util
2018-06-06 14:27:16,748 INFO spoon.Launcher - Step filter CtClass only) spoon.support.reflect.reference.CtTypeReferenceImpl cannot be cast to spoon.reflect.declaration.CtClass
Parameter 1) CtTypeReferenceImpl: int
2018-06-06 14:27:16,748 INFO spoon.Launcher - Step filter CtClass only) spoon.support.reflect.code.CtLocalVariableImpl cannot be cast to spoon.reflect.declaration.CtClass
Parameter 1) CtLocalVariableImpl: java.lang.Object o = super.get(myfield)
2018-06-06 14:27:16,748 INFO spoon.Launcher - Step filter CtClass only) spoon.support.reflect.reference.CtTypeReferenceImpl cannot be cast to spoon.reflect.declaration.CtClass
Parameter 1) CtTypeReferenceImpl: java.lang.Object
2018-06-06 14:27:16,748 INFO spoon.Launcher - Step filter CtClass only) spoon.support.reflect.reference.CtPackageReferenceImpl cannot be cast to spoon.reflect.declaration.CtClass
Parameter 1) CtPackageReferenceImpl: java.lang
2018-06-06 14:27:16,748 INFO spoon.Launcher - Step filter CtClass only) spoon.support.reflect.code.CtInvocationImpl cannot be cast to spoon.reflect.declaration.CtClass
Parameter 1) CtInvocationImpl: super.get(myfield)
2018-06-06 14:27:16,749 INFO spoon.Launcher - Step filter CtClass only) spoon.support.reflect.code.CtSuperAccessImpl cannot be cast to spoon.reflect.declaration.CtClass
Parameter 1) CtSuperAccessImpl: super
2018-06-06 14:27:16,749 INFO spoon.Launcher - Step filter CtClass only) spoon.support.reflect.reference.CtLocalVariableReferenceImpl cannot be cast to spoon.reflect.declaration.CtClass
Parameter 1) CtLocalVariableReferenceImpl: 
2018-06-06 14:27:16,749 INFO spoon.Launcher - Step filter CtClass only) spoon.support.reflect.reference.CtTypeReferenceImpl cannot be cast to spoon.reflect.declaration.CtClass
Parameter 1) CtTypeReferenceImpl: java.util.ArrayList
2018-06-06 14:27:16,749 INFO spoon.Launcher - Step filter CtClass only) spoon.support.reflect.reference.CtPackageReferenceImpl cannot be cast to spoon.reflect.declaration.CtClass
Parameter 1) CtPackageReferenceImpl: java.util
2018-06-06 14:27:16,749 INFO spoon.Launcher - Step filter CtClass only) spoon.support.reflect.reference.CtExecutableReferenceImpl cannot be cast to spoon.reflect.declaration.CtClass
Parameter 1) CtExecutableReferenceImpl: get(int)
2018-06-06 14:27:16,749 INFO spoon.Launcher - Step filter CtClass only) spoon.support.reflect.reference.CtTypeReferenceImpl cannot be cast to spoon.reflect.declaration.CtClass
Parameter 1) CtTypeReferenceImpl: java.util.ArrayList
2018-06-06 14:27:16,750 INFO spoon.Launcher - Step filter CtClass only) spoon.support.reflect.reference.CtPackageReferenceImpl cannot be cast to spoon.reflect.declaration.CtClass
Parameter 1) CtPackageReferenceImpl: java.util
2018-06-06 14:27:16,750 INFO spoon.Launcher - Step filter CtClass only) spoon.support.reflect.reference.CtTypeReferenceImpl cannot be cast to spoon.reflect.declaration.CtClass
Parameter 1) CtTypeReferenceImpl: java.lang.Object
2018-06-06 14:27:16,750 INFO spoon.Launcher - Step filter CtClass only) spoon.support.reflect.reference.CtPackageReferenceImpl cannot be cast to spoon.reflect.declaration.CtClass
Parameter 1) CtPackageReferenceImpl: java.lang
2018-06-06 14:27:16,750 INFO spoon.Launcher - Step filter CtClass only) spoon.support.reflect.reference.CtTypeReferenceImpl cannot be cast to spoon.reflect.declaration.CtClass
Parameter 1) CtTypeReferenceImpl: int
2018-06-06 14:27:16,750 INFO spoon.Launcher - Step filter CtClass only) spoon.support.reflect.code.CtFieldReadImpl cannot be cast to spoon.reflect.declaration.CtClass
Parameter 1) CtFieldReadImpl: myfield
2018-06-06 14:27:16,750 INFO spoon.Launcher - Step filter CtClass only) spoon.support.reflect.code.CtThisAccessImpl cannot be cast to spoon.reflect.declaration.CtClass
Parameter 1) CtThisAccessImpl: 
2018-06-06 14:27:16,751 INFO spoon.Launcher - Step filter CtClass only) spoon.support.reflect.reference.CtTypeReferenceImpl cannot be cast to spoon.reflect.declaration.CtClass
Parameter 1) CtTypeReferenceImpl: spoon.test.filters.testclasses.FieldAccessFilterTacos
2018-06-06 14:27:16,751 INFO spoon.Launcher - Step filter CtClass only) spoon.support.reflect.reference.CtPackageReferenceImpl cannot be cast to spoon.reflect.declaration.CtClass
Parameter 1) CtPackageReferenceImpl: spoon.test.filters.testclasses
2018-06-06 14:27:16,751 INFO spoon.Launcher - Step filter CtClass only) spoon.support.reflect.code.CtTypeAccessImpl cannot be cast to spoon.reflect.declaration.CtClass
Parameter 1) CtTypeAccessImpl: spoon.test.filters.testclasses.FieldAccessFilterTacos
2018-06-06 14:27:16,751 INFO spoon.Launcher - Step filter CtClass only) spoon.support.reflect.reference.CtTypeReferenceImpl cannot be cast to spoon.reflect.declaration.CtClass
Parameter 1) CtTypeReferenceImpl: spoon.test.filters.testclasses.FieldAccessFilterTacos
2018-06-06 14:27:16,751 INFO spoon.Launcher - Step filter CtClass only) spoon.support.reflect.reference.CtPackageReferenceImpl cannot be cast to spoon.reflect.declaration.CtClass
Parameter 1) CtPackageReferenceImpl: spoon.test.filters.testclasses
2018-06-06 14:27:16,751 INFO spoon.Launcher - Step filter CtClass only) spoon.support.reflect.reference.CtFieldReferenceImpl cannot be cast to spoon.reflect.declaration.CtClass
Parameter 1) CtFieldReferenceImpl: myfield
2018-06-06 14:27:16,752 INFO spoon.Launcher - Step filter CtClass only) spoon.support.reflect.reference.CtTypeReferenceImpl cannot be cast to spoon.reflect.declaration.CtClass
Parameter 1) CtTypeReferenceImpl: spoon.test.filters.testclasses.FieldAccessFilterTacos
2018-06-06 14:27:16,752 INFO spoon.Launcher - Step filter CtClass only) spoon.support.reflect.reference.CtPackageReferenceImpl cannot be cast to spoon.reflect.declaration.CtClass
Parameter 1) CtPackageReferenceImpl: spoon.test.filters.testclasses
2018-06-06 14:27:16,752 INFO spoon.Launcher - Step filter CtClass only) spoon.support.reflect.reference.CtTypeReferenceImpl cannot be cast to spoon.reflect.declaration.CtClass
Parameter 1) CtTypeReferenceImpl: int
2018-06-06 14:27:16,752 INFO spoon.Launcher - Step filter CtClass only) spoon.support.reflect.declaration.CtInterfaceImpl cannot be cast to spoon.reflect.declaration.CtClass
Parameter 1) CtInterfaceImpl: interface Foo {}
2018-06-06 14:27:16,752 INFO spoon.Launcher - Step filter CtClass only) spoon.support.reflect.declaration.CtInterfaceImpl cannot be cast to spoon.reflect.declaration.CtClass
Parameter 1) CtInterfaceImpl: interface Honey {
    void honey();
}
2018-06-06 14:27:16,752 INFO spoon.Launcher - Step filter CtClass only) spoon.support.reflect.declaration.CtMethodImpl cannot be cast to spoon.reflect.declaration.CtClass
Parameter 1) CtMethodImpl: void honey();
2018-06-06 14:27:16,753 INFO spoon.Launcher - Step filter CtClass only) spoon.support.reflect.reference.CtTypeReferenceImpl cannot be cast to spoon.reflect.declaration.CtClass
Parameter 1) CtTypeReferenceImpl: void
2018-06-06 14:27:16,753 INFO spoon.Launcher - Step filter CtClass only) spoon.support.reflect.declaration.CtInterfaceImpl cannot be cast to spoon.reflect.declaration.CtClass
Parameter 1) CtInterfaceImpl: public interface ITostada extends spoon.test.filters.testclasses.Foo {
    spoon.test.filters.testclasses.ITostada make();
}
2018-06-06 14:27:16,753 INFO spoon.Launcher - Step filter CtClass only) spoon.support.reflect.reference.CtTypeReferenceImpl cannot be cast to spoon.reflect.declaration.CtClass
Parameter 1) CtTypeReferenceImpl: spoon.test.filters.testclasses.Foo
2018-06-06 14:27:16,753 INFO spoon.Launcher - Step filter CtClass only) spoon.support.reflect.reference.CtPackageReferenceImpl cannot be cast to spoon.reflect.declaration.CtClass
Parameter 1) CtPackageReferenceImpl: spoon.test.filters.testclasses
2018-06-06 14:27:16,753 INFO spoon.Launcher - Step filter CtClass only) spoon.support.reflect.declaration.CtMethodImpl cannot be cast to spoon.reflect.declaration.CtClass
Parameter 1) CtMethodImpl: spoon.test.filters.testclasses.ITostada make();
2018-06-06 14:27:16,753 INFO spoon.Launcher - Step filter CtClass only) spoon.support.reflect.reference.CtTypeReferenceImpl cannot be cast to spoon.reflect.declaration.CtClass
Parameter 1) CtTypeReferenceImpl: spoon.test.filters.testclasses.ITostada
2018-06-06 14:27:16,754 INFO spoon.Launcher - Step filter CtClass only) spoon.support.reflect.reference.CtPackageReferenceImpl cannot be cast to spoon.reflect.declaration.CtClass
Parameter 1) CtPackageReferenceImpl: spoon.test.filters.testclasses
2018-06-06 14:27:16,754 INFO spoon.Launcher - Step filter CtClass only) spoon.support.reflect.reference.CtTypeReferenceImpl cannot be cast to spoon.reflect.declaration.CtClass
Parameter 1) CtTypeReferenceImpl: spoon.test.filters.testclasses.Tostada
2018-06-06 14:27:16,754 INFO spoon.Launcher - Step filter CtClass only) spoon.support.reflect.reference.CtPackageReferenceImpl cannot be cast to spoon.reflect.declaration.CtClass
Parameter 1) CtPackageReferenceImpl: spoon.test.filters.testclasses
2018-06-06 14:27:16,754 INFO spoon.Launcher - Step filter CtClass only) spoon.support.reflect.declaration.CtConstructorImpl cannot be cast to spoon.reflect.declaration.CtClass
Parameter 1) CtConstructorImpl: SubTostada() {
}
2018-06-06 14:27:16,754 INFO spoon.Launcher - Step filter CtClass only) spoon.support.reflect.code.CtBlockImpl cannot be cast to spoon.reflect.declaration.CtClass
Parameter 1) CtBlockImpl: {
}
2018-06-06 14:27:16,754 INFO spoon.Launcher - Step filter CtClass only) spoon.support.reflect.code.CtInvocationImpl cannot be cast to spoon.reflect.declaration.CtClass
Parameter 1) CtInvocationImpl: super()
2018-06-06 14:27:16,755 INFO spoon.Launcher - Step filter CtClass only) spoon.support.reflect.reference.CtExecutableReferenceImpl cannot be cast to spoon.reflect.declaration.CtClass
Parameter 1) CtExecutableReferenceImpl: spoon.test.filters.testclasses.Tostada()
2018-06-06 14:27:16,755 INFO spoon.Launcher - Step filter CtClass only) spoon.support.reflect.reference.CtTypeReferenceImpl cannot be cast to spoon.reflect.declaration.CtClass
Parameter 1) CtTypeReferenceImpl: spoon.test.filters.testclasses.Tostada
2018-06-06 14:27:16,755 INFO spoon.Launcher - Step filter CtClass only) spoon.support.reflect.reference.CtPackageReferenceImpl cannot be cast to spoon.reflect.declaration.CtClass
Parameter 1) CtPackageReferenceImpl: spoon.test.filters.testclasses
2018-06-06 14:27:16,755 INFO spoon.Launcher - Step filter CtClass only) spoon.support.reflect.reference.CtTypeReferenceImpl cannot be cast to spoon.reflect.declaration.CtClass
Parameter 1) CtTypeReferenceImpl: spoon.test.filters.testclasses.Tostada
2018-06-06 14:27:16,755 INFO spoon.Launcher - Step filter CtClass only) spoon.support.reflect.reference.CtPackageReferenceImpl cannot be cast to spoon.reflect.declaration.CtClass
Parameter 1) CtPackageReferenceImpl: spoon.test.filters.testclasses
2018-06-06 14:27:16,756 INFO spoon.Launcher - Step filter CtClass only) spoon.support.reflect.declaration.CtMethodImpl cannot be cast to spoon.reflect.declaration.CtClass
Parameter 1) CtMethodImpl: @java.lang.Override
public void prepare() {
    java.lang.System.out.println("SubTostada");
    super.prepare();
}
2018-06-06 14:27:16,756 INFO spoon.Launcher - Step filter CtClass only) spoon.support.reflect.declaration.CtAnnotationImpl cannot be cast to spoon.reflect.declaration.CtClass
Parameter 1) CtAnnotationImpl: @java.lang.Override
2018-06-06 14:27:16,756 INFO spoon.Launcher - Step filter CtClass only) spoon.support.reflect.reference.CtTypeReferenceImpl cannot be cast to spoon.reflect.declaration.CtClass
Parameter 1) CtTypeReferenceImpl: java.lang.Override
2018-06-06 14:27:16,756 INFO spoon.Launcher - Step filter CtClass only) spoon.support.reflect.reference.CtPackageReferenceImpl cannot be cast to spoon.reflect.declaration.CtClass
Parameter 1) CtPackageReferenceImpl: java.lang
2018-06-06 14:27:16,756 INFO spoon.Launcher - Step filter CtClass only) spoon.support.reflect.reference.CtTypeReferenceImpl cannot be cast to spoon.reflect.declaration.CtClass
Parameter 1) CtTypeReferenceImpl: java.lang.Override
2018-06-06 14:27:16,756 INFO spoon.Launcher - Step filter CtClass only) spoon.support.reflect.reference.CtPackageReferenceImpl cannot be cast to spoon.reflect.declaration.CtClass
Parameter 1) CtPackageReferenceImpl: java.lang
2018-06-06 14:27:16,757 INFO spoon.Launcher - Step filter CtClass only) spoon.support.reflect.reference.CtTypeReferenceImpl cannot be cast to spoon.reflect.declaration.CtClass
Parameter 1) CtTypeReferenceImpl: void
2018-06-06 14:27:16,757 INFO spoon.Launcher - Step filter CtClass only) spoon.support.reflect.code.CtBlockImpl cannot be cast to spoon.reflect.declaration.CtClass
Parameter 1) CtBlockImpl: {
    java.lang.System.out.println("SubTostada");
    super.prepare();
}
2018-06-06 14:27:16,757 INFO spoon.Launcher - Step filter CtClass only) spoon.support.reflect.code.CtInvocationImpl cannot be cast to spoon.reflect.declaration.CtClass
Parameter 1) CtInvocationImpl: java.lang.System.out.println("SubTostada")
2018-06-06 14:27:16,757 INFO spoon.Launcher - Step filter CtClass only) spoon.support.reflect.code.CtFieldReadImpl cannot be cast to spoon.reflect.declaration.CtClass
Parameter 1) CtFieldReadImpl: java.lang.System.out
2018-06-06 14:27:16,758 INFO spoon.Launcher - Step filter CtClass only) spoon.support.reflect.code.CtTypeAccessImpl cannot be cast to spoon.reflect.declaration.CtClass
Parameter 1) CtTypeAccessImpl: java.lang.System
2018-06-06 14:27:16,758 INFO spoon.Launcher - Step filter CtClass only) spoon.support.reflect.reference.CtTypeReferenceImpl cannot be cast to spoon.reflect.declaration.CtClass
Parameter 1) CtTypeReferenceImpl: java.lang.System
2018-06-06 14:27:16,758 INFO spoon.Launcher - Step filter CtClass only) spoon.support.reflect.reference.CtPackageReferenceImpl cannot be cast to spoon.reflect.declaration.CtClass
Parameter 1) CtPackageReferenceImpl: java.lang
2018-06-06 14:27:16,758 INFO spoon.Launcher - Step filter CtClass only) spoon.support.reflect.reference.CtFieldReferenceImpl cannot be cast to spoon.reflect.declaration.CtClass
Parameter 1) CtFieldReferenceImpl: java.lang.System.out
2018-06-06 14:27:16,758 INFO spoon.Launcher - Step filter CtClass only) spoon.support.reflect.reference.CtTypeReferenceImpl cannot be cast to spoon.reflect.declaration.CtClass
Parameter 1) CtTypeReferenceImpl: java.lang.System
2018-06-06 14:27:16,758 INFO spoon.Launcher - Step filter CtClass only) spoon.support.reflect.reference.CtPackageReferenceImpl cannot be cast to spoon.reflect.declaration.CtClass
Parameter 1) CtPackageReferenceImpl: java.lang
2018-06-06 14:27:16,759 INFO spoon.Launcher - Step filter CtClass only) spoon.support.reflect.reference.CtTypeReferenceImpl cannot be cast to spoon.reflect.declaration.CtClass
Parameter 1) CtTypeReferenceImpl: java.io.PrintStream
2018-06-06 14:27:16,759 INFO spoon.Launcher - Step filter CtClass only) spoon.support.reflect.reference.CtPackageReferenceImpl cannot be cast to spoon.reflect.declaration.CtClass
Parameter 1) CtPackageReferenceImpl: java.io
2018-06-06 14:27:16,759 INFO spoon.Launcher - Step filter CtClass only) spoon.support.reflect.reference.CtExecutableReferenceImpl cannot be cast to spoon.reflect.declaration.CtClass
Parameter 1) CtExecutableReferenceImpl: println(java.lang.String)
2018-06-06 14:27:16,759 INFO spoon.Launcher - Step filter CtClass only) spoon.support.reflect.reference.CtTypeReferenceImpl cannot be cast to spoon.reflect.declaration.CtClass
Parameter 1) CtTypeReferenceImpl: java.io.PrintStream
2018-06-06 14:27:16,759 INFO spoon.Launcher - Step filter CtClass only) spoon.support.reflect.reference.CtPackageReferenceImpl cannot be cast to spoon.reflect.declaration.CtClass
Parameter 1) CtPackageReferenceImpl: java.io
2018-06-06 14:27:16,759 INFO spoon.Launcher - Step filter CtClass only) spoon.support.reflect.reference.CtTypeReferenceImpl cannot be cast to spoon.reflect.declaration.CtClass
Parameter 1) CtTypeReferenceImpl: void
2018-06-06 14:27:16,760 INFO spoon.Launcher - Step filter CtClass only) spoon.support.reflect.reference.CtTypeReferenceImpl cannot be cast to spoon.reflect.declaration.CtClass
Parameter 1) CtTypeReferenceImpl: java.lang.String
2018-06-06 14:27:16,760 INFO spoon.Launcher - Step filter CtClass only) spoon.support.reflect.reference.CtPackageReferenceImpl cannot be cast to spoon.reflect.declaration.CtClass
Parameter 1) CtPackageReferenceImpl: java.lang
2018-06-06 14:27:16,760 INFO spoon.Launcher - Step filter CtClass only) spoon.support.reflect.code.CtLiteralImpl cannot be cast to spoon.reflect.declaration.CtClass
Parameter 1) CtLiteralImpl: "SubTostada"
2018-06-06 14:27:16,760 INFO spoon.Launcher - Step filter CtClass only) spoon.support.reflect.reference.CtTypeReferenceImpl cannot be cast to spoon.reflect.declaration.CtClass
Parameter 1) CtTypeReferenceImpl: java.lang.String
2018-06-06 14:27:16,760 INFO spoon.Launcher - Step filter CtClass only) spoon.support.reflect.reference.CtPackageReferenceImpl cannot be cast to spoon.reflect.declaration.CtClass
Parameter 1) CtPackageReferenceImpl: java.lang
2018-06-06 14:27:16,760 INFO spoon.Launcher - Step filter CtClass only) spoon.support.reflect.code.CtInvocationImpl cannot be cast to spoon.reflect.declaration.CtClass
Parameter 1) CtInvocationImpl: super.prepare()
2018-06-06 14:27:16,761 INFO spoon.Launcher - Step filter CtClass only) spoon.support.reflect.code.CtSuperAccessImpl cannot be cast to spoon.reflect.declaration.CtClass
Parameter 1) CtSuperAccessImpl: super
2018-06-06 14:27:16,761 INFO spoon.Launcher - Step filter CtClass only) spoon.support.reflect.reference.CtLocalVariableReferenceImpl cannot be cast to spoon.reflect.declaration.CtClass
Parameter 1) CtLocalVariableReferenceImpl: 
2018-06-06 14:27:16,761 INFO spoon.Launcher - Step filter CtClass only) spoon.support.reflect.reference.CtTypeReferenceImpl cannot be cast to spoon.reflect.declaration.CtClass
Parameter 1) CtTypeReferenceImpl: spoon.test.filters.testclasses.Tostada
2018-06-06 14:27:16,761 INFO spoon.Launcher - Step filter CtClass only) spoon.support.reflect.reference.CtPackageReferenceImpl cannot be cast to spoon.reflect.declaration.CtClass
Parameter 1) CtPackageReferenceImpl: spoon.test.filters.testclasses
2018-06-06 14:27:16,761 INFO spoon.Launcher - Step filter CtClass only) spoon.support.reflect.reference.CtExecutableReferenceImpl cannot be cast to spoon.reflect.declaration.CtClass
Parameter 1) CtExecutableReferenceImpl: prepare()
2018-06-06 14:27:16,761 INFO spoon.Launcher - Step filter CtClass only) spoon.support.reflect.reference.CtTypeReferenceImpl cannot be cast to spoon.reflect.declaration.CtClass
Parameter 1) CtTypeReferenceImpl: spoon.test.filters.testclasses.Tostada
2018-06-06 14:27:16,762 INFO spoon.Launcher - Step filter CtClass only) spoon.support.reflect.reference.CtPackageReferenceImpl cannot be cast to spoon.reflect.declaration.CtClass
Parameter 1) CtPackageReferenceImpl: spoon.test.filters.testclasses
2018-06-06 14:27:16,762 INFO spoon.Launcher - Step filter CtClass only) spoon.support.reflect.reference.CtTypeReferenceImpl cannot be cast to spoon.reflect.declaration.CtClass
Parameter 1) CtTypeReferenceImpl: void
2018-06-06 14:27:16,762 INFO spoon.Launcher - Step filter CtClass only) spoon.support.reflect.reference.CtTypeReferenceImpl cannot be cast to spoon.reflect.declaration.CtClass
Parameter 1) CtTypeReferenceImpl: spoon.test.filters.testclasses.ITostada
2018-06-06 14:27:16,762 INFO spoon.Launcher - Step filter CtClass only) spoon.support.reflect.reference.CtPackageReferenceImpl cannot be cast to spoon.reflect.declaration.CtClass
Parameter 1) CtPackageReferenceImpl: spoon.test.filters.testclasses
2018-06-06 14:27:16,763 INFO spoon.Launcher - Step filter CtClass only) spoon.support.reflect.declaration.CtConstructorImpl cannot be cast to spoon.reflect.declaration.CtClass
Parameter 1) CtConstructorImpl: Tacos() {
}
2018-06-06 14:27:16,763 INFO spoon.Launcher - Step filter CtClass only) spoon.support.reflect.code.CtBlockImpl cannot be cast to spoon.reflect.declaration.CtClass
Parameter 1) CtBlockImpl: {
}
2018-06-06 14:27:16,763 INFO spoon.Launcher - Step filter CtClass only) spoon.support.reflect.code.CtInvocationImpl cannot be cast to spoon.reflect.declaration.CtClass
Parameter 1) CtInvocationImpl: super()
2018-06-06 14:27:16,763 INFO spoon.Launcher - Step filter CtClass only) spoon.support.reflect.reference.CtExecutableReferenceImpl cannot be cast to spoon.reflect.declaration.CtClass
Parameter 1) CtExecutableReferenceImpl: java.lang.Object()
2018-06-06 14:27:16,763 INFO spoon.Launcher - Step filter CtClass only) spoon.support.reflect.reference.CtTypeReferenceImpl cannot be cast to spoon.reflect.declaration.CtClass
Parameter 1) CtTypeReferenceImpl: java.lang.Object
2018-06-06 14:27:16,763 INFO spoon.Launcher - Step filter CtClass only) spoon.support.reflect.reference.CtPackageReferenceImpl cannot be cast to spoon.reflect.declaration.CtClass
Parameter 1) CtPackageReferenceImpl: java.lang
2018-06-06 14:27:16,764 INFO spoon.Launcher - Step filter CtClass only) spoon.support.reflect.reference.CtTypeReferenceImpl cannot be cast to spoon.reflect.declaration.CtClass
Parameter 1) CtTypeReferenceImpl: java.lang.Object
2018-06-06 14:27:16,764 INFO spoon.Launcher - Step filter CtClass only) spoon.support.reflect.reference.CtPackageReferenceImpl cannot be cast to spoon.reflect.declaration.CtClass
Parameter 1) CtPackageReferenceImpl: java.lang
2018-06-06 14:27:16,764 INFO spoon.Launcher - Step filter CtClass only) spoon.support.reflect.declaration.CtMethodImpl cannot be cast to spoon.reflect.declaration.CtClass
Parameter 1) CtMethodImpl: @java.lang.Override
public spoon.test.filters.testclasses.ITostada make() {
    return null;
}
2018-06-06 14:27:16,764 INFO spoon.Launcher - Step filter CtClass only) spoon.support.reflect.declaration.CtAnnotationImpl cannot be cast to spoon.reflect.declaration.CtClass
Parameter 1) CtAnnotationImpl: @java.lang.Override
2018-06-06 14:27:16,764 INFO spoon.Launcher - Step filter CtClass only) spoon.support.reflect.reference.CtTypeReferenceImpl cannot be cast to spoon.reflect.declaration.CtClass
Parameter 1) CtTypeReferenceImpl: java.lang.Override
2018-06-06 14:27:16,764 INFO spoon.Launcher - Step filter CtClass only) spoon.support.reflect.reference.CtPackageReferenceImpl cannot be cast to spoon.reflect.declaration.CtClass
Parameter 1) CtPackageReferenceImpl: java.lang
2018-06-06 14:27:16,765 INFO spoon.Launcher - Step filter CtClass only) spoon.support.reflect.reference.CtTypeReferenceImpl cannot be cast to spoon.reflect.declaration.CtClass
Parameter 1) CtTypeReferenceImpl: java.lang.Override
2018-06-06 14:27:16,765 INFO spoon.Launcher - Step filter CtClass only) spoon.support.reflect.reference.CtPackageReferenceImpl cannot be cast to spoon.reflect.declaration.CtClass
Parameter 1) CtPackageReferenceImpl: java.lang
2018-06-06 14:27:16,765 INFO spoon.Launcher - Step filter CtClass only) spoon.support.reflect.reference.CtTypeReferenceImpl cannot be cast to spoon.reflect.declaration.CtClass
Parameter 1) CtTypeReferenceImpl: spoon.test.filters.testclasses.ITostada
2018-06-06 14:27:16,765 INFO spoon.Launcher - Step filter CtClass only) spoon.support.reflect.reference.CtPackageReferenceImpl cannot be cast to spoon.reflect.declaration.CtClass
Parameter 1) CtPackageReferenceImpl: spoon.test.filters.testclasses
2018-06-06 14:27:16,765 INFO spoon.Launcher - Step filter CtClass only) spoon.support.reflect.code.CtBlockImpl cannot be cast to spoon.reflect.declaration.CtClass
Parameter 1) CtBlockImpl: {
    return null;
}
2018-06-06 14:27:16,766 INFO spoon.Launcher - Step filter CtClass only) spoon.support.reflect.code.CtReturnImpl cannot be cast to spoon.reflect.declaration.CtClass
Parameter 1) CtReturnImpl: return null
2018-06-06 14:27:16,766 INFO spoon.Launcher - Step filter CtClass only) spoon.support.reflect.code.CtLiteralImpl cannot be cast to spoon.reflect.declaration.CtClass
Parameter 1) CtLiteralImpl: null
2018-06-06 14:27:16,766 INFO spoon.Launcher - Step filter CtClass only) spoon.support.reflect.reference.CtTypeReferenceImpl cannot be cast to spoon.reflect.declaration.CtClass
Parameter 1) CtTypeReferenceImpl: <nulltype>
2018-06-06 14:27:16,766 INFO spoon.Launcher - Step filter CtClass only) spoon.support.reflect.declaration.CtMethodImpl cannot be cast to spoon.reflect.declaration.CtClass
Parameter 1) CtMethodImpl: public void prepare() {
    final java.util.ArrayList<java.lang.String> strings = new java.util.ArrayList<java.lang.String>();
    strings.size();
}
2018-06-06 14:27:16,766 INFO spoon.Launcher - Step filter CtClass only) spoon.support.reflect.reference.CtTypeReferenceImpl cannot be cast to spoon.reflect.declaration.CtClass
Parameter 1) CtTypeReferenceImpl: void
2018-06-06 14:27:16,766 INFO spoon.Launcher - Step filter CtClass only) spoon.support.reflect.code.CtBlockImpl cannot be cast to spoon.reflect.declaration.CtClass
Parameter 1) CtBlockImpl: {
    final java.util.ArrayList<java.lang.String> strings = new java.util.ArrayList<java.lang.String>();
    strings.size();
}
2018-06-06 14:27:16,767 INFO spoon.Launcher - Step filter CtClass only) spoon.support.reflect.code.CtLocalVariableImpl cannot be cast to spoon.reflect.declaration.CtClass
Parameter 1) CtLocalVariableImpl: final java.util.ArrayList<java.lang.String> strings = new java.util.ArrayList<java.lang.String>()
2018-06-06 14:27:16,767 INFO spoon.Launcher - Step filter CtClass only) spoon.support.reflect.reference.CtTypeReferenceImpl cannot be cast to spoon.reflect.declaration.CtClass
Parameter 1) CtTypeReferenceImpl: java.util.ArrayList<java.lang.String>
2018-06-06 14:27:16,767 INFO spoon.Launcher - Step filter CtClass only) spoon.support.reflect.reference.CtPackageReferenceImpl cannot be cast to spoon.reflect.declaration.CtClass
Parameter 1) CtPackageReferenceImpl: java.util
2018-06-06 14:27:16,767 INFO spoon.Launcher - Step filter CtClass only) spoon.support.reflect.reference.CtTypeReferenceImpl cannot be cast to spoon.reflect.declaration.CtClass
Parameter 1) CtTypeReferenceImpl: java.lang.String
2018-06-06 14:27:16,767 INFO spoon.Launcher - Step filter CtClass only) spoon.support.reflect.reference.CtPackageReferenceImpl cannot be cast to spoon.reflect.declaration.CtClass
Parameter 1) CtPackageReferenceImpl: java.lang
2018-06-06 14:27:16,767 INFO spoon.Launcher - Step filter CtClass only) spoon.support.reflect.code.CtConstructorCallImpl cannot be cast to spoon.reflect.declaration.CtClass
Parameter 1) CtConstructorCallImpl: new java.util.ArrayList<java.lang.String>()
2018-06-06 14:27:16,768 INFO spoon.Launcher - Step filter CtClass only) spoon.support.reflect.reference.CtExecutableReferenceImpl cannot be cast to spoon.reflect.declaration.CtClass
Parameter 1) CtExecutableReferenceImpl: java.util.ArrayList()
2018-06-06 14:27:16,768 INFO spoon.Launcher - Step filter CtClass only) spoon.support.reflect.reference.CtTypeReferenceImpl cannot be cast to spoon.reflect.declaration.CtClass
Parameter 1) CtTypeReferenceImpl: java.util.ArrayList
2018-06-06 14:27:16,768 INFO spoon.Launcher - Step filter CtClass only) spoon.support.reflect.reference.CtPackageReferenceImpl cannot be cast to spoon.reflect.declaration.CtClass
Parameter 1) CtPackageReferenceImpl: java.util
2018-06-06 14:27:16,768 INFO spoon.Launcher - Step filter CtClass only) spoon.support.reflect.reference.CtTypeReferenceImpl cannot be cast to spoon.reflect.declaration.CtClass
Parameter 1) CtTypeReferenceImpl: java.util.ArrayList<java.lang.String>
2018-06-06 14:27:16,768 INFO spoon.Launcher - Step filter CtClass only) spoon.support.reflect.reference.CtPackageReferenceImpl cannot be cast to spoon.reflect.declaration.CtClass
Parameter 1) CtPackageReferenceImpl: java.util
2018-06-06 14:27:16,768 INFO spoon.Launcher - Step filter CtClass only) spoon.support.reflect.reference.CtTypeReferenceImpl cannot be cast to spoon.reflect.declaration.CtClass
Parameter 1) CtTypeReferenceImpl: java.lang.String
2018-06-06 14:27:16,769 INFO spoon.Launcher - Step filter CtClass only) spoon.support.reflect.reference.CtPackageReferenceImpl cannot be cast to spoon.reflect.declaration.CtClass
Parameter 1) CtPackageReferenceImpl: java.lang
2018-06-06 14:27:16,769 INFO spoon.Launcher - Step filter CtClass only) spoon.support.reflect.code.CtInvocationImpl cannot be cast to spoon.reflect.declaration.CtClass
Parameter 1) CtInvocationImpl: strings.size()
2018-06-06 14:27:16,769 INFO spoon.Launcher - Step filter CtClass only) spoon.support.reflect.code.CtVariableReadImpl cannot be cast to spoon.reflect.declaration.CtClass
Parameter 1) CtVariableReadImpl: strings
2018-06-06 14:27:16,769 INFO spoon.Launcher - Step filter CtClass only) spoon.support.reflect.reference.CtLocalVariableReferenceImpl cannot be cast to spoon.reflect.declaration.CtClass
Parameter 1) CtLocalVariableReferenceImpl: strings
2018-06-06 14:27:16,769 INFO spoon.Launcher - Step filter CtClass only) spoon.support.reflect.reference.CtTypeReferenceImpl cannot be cast to spoon.reflect.declaration.CtClass
Parameter 1) CtTypeReferenceImpl: java.util.ArrayList<java.lang.String>
2018-06-06 14:27:16,769 INFO spoon.Launcher - Step filter CtClass only) spoon.support.reflect.reference.CtPackageReferenceImpl cannot be cast to spoon.reflect.declaration.CtClass
Parameter 1) CtPackageReferenceImpl: java.util
2018-06-06 14:27:16,770 INFO spoon.Launcher - Step filter CtClass only) spoon.support.reflect.reference.CtTypeReferenceImpl cannot be cast to spoon.reflect.declaration.CtClass
Parameter 1) CtTypeReferenceImpl: java.lang.String
2018-06-06 14:27:16,770 INFO spoon.Launcher - Step filter CtClass only) spoon.support.reflect.reference.CtPackageReferenceImpl cannot be cast to spoon.reflect.declaration.CtClass
Parameter 1) CtPackageReferenceImpl: java.lang
2018-06-06 14:27:16,770 INFO spoon.Launcher - Step filter CtClass only) spoon.support.reflect.reference.CtExecutableReferenceImpl cannot be cast to spoon.reflect.declaration.CtClass
Parameter 1) CtExecutableReferenceImpl: size()
2018-06-06 14:27:16,770 INFO spoon.Launcher - Step filter CtClass only) spoon.support.reflect.reference.CtTypeReferenceImpl cannot be cast to spoon.reflect.declaration.CtClass
Parameter 1) CtTypeReferenceImpl: java.util.ArrayList
2018-06-06 14:27:16,770 INFO spoon.Launcher - Step filter CtClass only) spoon.support.reflect.reference.CtPackageReferenceImpl cannot be cast to spoon.reflect.declaration.CtClass
Parameter 1) CtPackageReferenceImpl: java.util
2018-06-06 14:27:16,770 INFO spoon.Launcher - Step filter CtClass only) spoon.support.reflect.reference.CtTypeReferenceImpl cannot be cast to spoon.reflect.declaration.CtClass
Parameter 1) CtTypeReferenceImpl: int
2018-06-06 14:27:16,771 INFO spoon.Launcher - Step 6) Skipped element, because CtFunction#accept(input) returned false
Parameter 1) CtMethodImpl: void honey();
2018-06-06 14:27:16,771 INFO spoon.Launcher - Step filter CtClass only) spoon.support.reflect.reference.CtTypeReferenceImpl cannot be cast to spoon.reflect.declaration.CtClass
Parameter 1) CtTypeReferenceImpl: spoon.test.filters.testclasses.AbstractTostada
2018-06-06 14:27:16,771 INFO spoon.Launcher - Step filter CtClass only) spoon.support.reflect.reference.CtPackageReferenceImpl cannot be cast to spoon.reflect.declaration.CtClass
Parameter 1) CtPackageReferenceImpl: spoon.test.filters.testclasses
2018-06-06 14:27:16,771 INFO spoon.Launcher - Step filter CtClass only) spoon.support.reflect.reference.CtTypeReferenceImpl cannot be cast to spoon.reflect.declaration.CtClass
Parameter 1) CtTypeReferenceImpl: spoon.test.filters.testclasses.Honey
2018-06-06 14:27:16,771 INFO spoon.Launcher - Step filter CtClass only) spoon.support.reflect.reference.CtPackageReferenceImpl cannot be cast to spoon.reflect.declaration.CtClass
Parameter 1) CtPackageReferenceImpl: spoon.test.filters.testclasses
2018-06-06 14:27:16,771 INFO spoon.Launcher - Step filter CtClass only) spoon.support.reflect.declaration.CtConstructorImpl cannot be cast to spoon.reflect.declaration.CtClass
Parameter 1) CtConstructorImpl: Tostada() {
}
2018-06-06 14:27:16,772 INFO spoon.Launcher - Step filter CtClass only) spoon.support.reflect.code.CtBlockImpl cannot be cast to spoon.reflect.declaration.CtClass
Parameter 1) CtBlockImpl: {
}
2018-06-06 14:27:16,772 INFO spoon.Launcher - Step filter CtClass only) spoon.support.reflect.code.CtInvocationImpl cannot be cast to spoon.reflect.declaration.CtClass
Parameter 1) CtInvocationImpl: super()
2018-06-06 14:27:16,772 INFO spoon.Launcher - Step filter CtClass only) spoon.support.reflect.reference.CtExecutableReferenceImpl cannot be cast to spoon.reflect.declaration.CtClass
Parameter 1) CtExecutableReferenceImpl: spoon.test.filters.testclasses.AbstractTostada()
2018-06-06 14:27:16,772 INFO spoon.Launcher - Step filter CtClass only) spoon.support.reflect.reference.CtTypeReferenceImpl cannot be cast to spoon.reflect.declaration.CtClass
Parameter 1) CtTypeReferenceImpl: spoon.test.filters.testclasses.AbstractTostada
2018-06-06 14:27:16,772 INFO spoon.Launcher - Step filter CtClass only) spoon.support.reflect.reference.CtPackageReferenceImpl cannot be cast to spoon.reflect.declaration.CtClass
Parameter 1) CtPackageReferenceImpl: spoon.test.filters.testclasses
2018-06-06 14:27:16,772 INFO spoon.Launcher - Step filter CtClass only) spoon.support.reflect.reference.CtTypeReferenceImpl cannot be cast to spoon.reflect.declaration.CtClass
Parameter 1) CtTypeReferenceImpl: spoon.test.filters.testclasses.AbstractTostada
2018-06-06 14:27:16,773 INFO spoon.Launcher - Step filter CtClass only) spoon.support.reflect.reference.CtPackageReferenceImpl cannot be cast to spoon.reflect.declaration.CtClass
Parameter 1) CtPackageReferenceImpl: spoon.test.filters.testclasses
2018-06-06 14:27:16,773 INFO spoon.Launcher - Step filter CtClass only) spoon.support.reflect.declaration.CtMethodImpl cannot be cast to spoon.reflect.declaration.CtClass
Parameter 1) CtMethodImpl: @java.lang.Override
public spoon.test.filters.testclasses.ITostada make() {
    return new spoon.test.filters.testclasses.Tostada() {
        @java.lang.Override
        public void prepare() {
            int a = 3;
            super.prepare();
        }
    };
}
2018-06-06 14:27:16,773 INFO spoon.Launcher - Step filter CtClass only) spoon.support.reflect.declaration.CtAnnotationImpl cannot be cast to spoon.reflect.declaration.CtClass
Parameter 1) CtAnnotationImpl: @java.lang.Override
2018-06-06 14:27:16,773 INFO spoon.Launcher - Step filter CtClass only) spoon.support.reflect.reference.CtTypeReferenceImpl cannot be cast to spoon.reflect.declaration.CtClass
Parameter 1) CtTypeReferenceImpl: java.lang.Override
2018-06-06 14:27:16,773 INFO spoon.Launcher - Step filter CtClass only) spoon.support.reflect.reference.CtPackageReferenceImpl cannot be cast to spoon.reflect.declaration.CtClass
Parameter 1) CtPackageReferenceImpl: java.lang
2018-06-06 14:27:16,774 INFO spoon.Launcher - Step filter CtClass only) spoon.support.reflect.reference.CtTypeReferenceImpl cannot be cast to spoon.reflect.declaration.CtClass
Parameter 1) CtTypeReferenceImpl: java.lang.Override
2018-06-06 14:27:16,774 INFO spoon.Launcher - Step filter CtClass only) spoon.support.reflect.reference.CtPackageReferenceImpl cannot be cast to spoon.reflect.declaration.CtClass
Parameter 1) CtPackageReferenceImpl: java.lang
2018-06-06 14:27:16,774 INFO spoon.Launcher - Step filter CtClass only) spoon.support.reflect.reference.CtTypeReferenceImpl cannot be cast to spoon.reflect.declaration.CtClass
Parameter 1) CtTypeReferenceImpl: spoon.test.filters.testclasses.ITostada
2018-06-06 14:27:16,774 INFO spoon.Launcher - Step filter CtClass only) spoon.support.reflect.reference.CtPackageReferenceImpl cannot be cast to spoon.reflect.declaration.CtClass
Parameter 1) CtPackageReferenceImpl: spoon.test.filters.testclasses
2018-06-06 14:27:16,774 INFO spoon.Launcher - Step filter CtClass only) spoon.support.reflect.code.CtBlockImpl cannot be cast to spoon.reflect.declaration.CtClass
Parameter 1) CtBlockImpl: {
    return new spoon.test.filters.testclasses.Tostada() {
        @java.lang.Override
        public void prepare() {
            int a = 3;
            super.prepare();
        }
    };
}
2018-06-06 14:27:16,775 INFO spoon.Launcher - Step filter CtClass only) spoon.support.reflect.code.CtReturnImpl cannot be cast to spoon.reflect.declaration.CtClass
Parameter 1) CtReturnImpl: return new spoon.test.filters.testclasses.Tostada() {
    @java.lang.Override
    public void prepare() {
        int a = 3;
        super.prepare();
    }
}
2018-06-06 14:27:16,775 INFO spoon.Launcher - Step filter CtClass only) spoon.support.reflect.code.CtNewClassImpl cannot be cast to spoon.reflect.declaration.CtClass
Parameter 1) CtNewClassImpl: new spoon.test.filters.testclasses.Tostada() {
    @java.lang.Override
    public void prepare() {
        int a = 3;
        super.prepare();
    }
}
2018-06-06 14:27:16,775 INFO spoon.Launcher - Step filter CtClass only) spoon.support.reflect.reference.CtExecutableReferenceImpl cannot be cast to spoon.reflect.declaration.CtClass
Parameter 1) CtExecutableReferenceImpl: spoon.test.filters.testclasses.Tostada$1()
2018-06-06 14:27:16,776 INFO spoon.Launcher - Step filter CtClass only) spoon.support.reflect.reference.CtTypeReferenceImpl cannot be cast to spoon.reflect.declaration.CtClass
Parameter 1) CtTypeReferenceImpl: spoon.test.filters.testclasses.Tostada.1
2018-06-06 14:27:16,776 INFO spoon.Launcher - Step filter CtClass only) spoon.support.reflect.reference.CtTypeReferenceImpl cannot be cast to spoon.reflect.declaration.CtClass
Parameter 1) CtTypeReferenceImpl: spoon.test.filters.testclasses.Tostada
2018-06-06 14:27:16,777 INFO spoon.Launcher - Step filter CtClass only) spoon.support.reflect.reference.CtPackageReferenceImpl cannot be cast to spoon.reflect.declaration.CtClass
Parameter 1) CtPackageReferenceImpl: spoon.test.filters.testclasses
2018-06-06 14:27:16,777 INFO spoon.Launcher - Step filter CtClass only) spoon.support.reflect.reference.CtTypeReferenceImpl cannot be cast to spoon.reflect.declaration.CtClass
Parameter 1) CtTypeReferenceImpl: spoon.test.filters.testclasses.Tostada
2018-06-06 14:27:16,777 INFO spoon.Launcher - Step filter CtClass only) spoon.support.reflect.reference.CtPackageReferenceImpl cannot be cast to spoon.reflect.declaration.CtClass
Parameter 1) CtPackageReferenceImpl: spoon.test.filters.testclasses
2018-06-06 14:27:16,777 INFO spoon.Launcher - Step filter CtClass only) spoon.support.reflect.reference.CtTypeReferenceImpl cannot be cast to spoon.reflect.declaration.CtClass
Parameter 1) CtTypeReferenceImpl: spoon.test.filters.testclasses.Tostada
2018-06-06 14:27:16,777 INFO spoon.Launcher - Step filter CtClass only) spoon.support.reflect.reference.CtPackageReferenceImpl cannot be cast to spoon.reflect.declaration.CtClass
Parameter 1) CtPackageReferenceImpl: spoon.test.filters.testclasses
2018-06-06 14:27:16,777 INFO spoon.Launcher - Step filter CtClass only) spoon.support.reflect.declaration.CtConstructorImpl cannot be cast to spoon.reflect.declaration.CtClass
Parameter 1) CtConstructorImpl: 1() {
}
2018-06-06 14:27:16,778 INFO spoon.Launcher - Step filter CtClass only) spoon.support.reflect.code.CtBlockImpl cannot be cast to spoon.reflect.declaration.CtClass
Parameter 1) CtBlockImpl: {
}
2018-06-06 14:27:16,778 INFO spoon.Launcher - Step filter CtClass only) spoon.support.reflect.code.CtInvocationImpl cannot be cast to spoon.reflect.declaration.CtClass
Parameter 1) CtInvocationImpl: super()
2018-06-06 14:27:16,778 INFO spoon.Launcher - Step filter CtClass only) spoon.support.reflect.reference.CtExecutableReferenceImpl cannot be cast to spoon.reflect.declaration.CtClass
Parameter 1) CtExecutableReferenceImpl: spoon.test.filters.testclasses.Tostada()
2018-06-06 14:27:16,778 INFO spoon.Launcher - Step filter CtClass only) spoon.support.reflect.reference.CtTypeReferenceImpl cannot be cast to spoon.reflect.declaration.CtClass
Parameter 1) CtTypeReferenceImpl: spoon.test.filters.testclasses.Tostada
2018-06-06 14:27:16,778 INFO spoon.Launcher - Step filter CtClass only) spoon.support.reflect.reference.CtPackageReferenceImpl cannot be cast to spoon.reflect.declaration.CtClass
Parameter 1) CtPackageReferenceImpl: spoon.test.filters.testclasses
2018-06-06 14:27:16,778 INFO spoon.Launcher - Step filter CtClass only) spoon.support.reflect.reference.CtTypeReferenceImpl cannot be cast to spoon.reflect.declaration.CtClass
Parameter 1) CtTypeReferenceImpl: spoon.test.filters.testclasses.Tostada
2018-06-06 14:27:16,778 INFO spoon.Launcher - Step filter CtClass only) spoon.support.reflect.reference.CtPackageReferenceImpl cannot be cast to spoon.reflect.declaration.CtClass
Parameter 1) CtPackageReferenceImpl: spoon.test.filters.testclasses
2018-06-06 14:27:16,779 INFO spoon.Launcher - Step filter CtClass only) spoon.support.reflect.declaration.CtMethodImpl cannot be cast to spoon.reflect.declaration.CtClass
Parameter 1) CtMethodImpl: @java.lang.Override
public void prepare() {
    int a = 3;
    super.prepare();
}
2018-06-06 14:27:16,779 INFO spoon.Launcher - Step filter CtClass only) spoon.support.reflect.declaration.CtAnnotationImpl cannot be cast to spoon.reflect.declaration.CtClass
Parameter 1) CtAnnotationImpl: @java.lang.Override
2018-06-06 14:27:16,779 INFO spoon.Launcher - Step filter CtClass only) spoon.support.reflect.reference.CtTypeReferenceImpl cannot be cast to spoon.reflect.declaration.CtClass
Parameter 1) CtTypeReferenceImpl: java.lang.Override
2018-06-06 14:27:16,779 INFO spoon.Launcher - Step filter CtClass only) spoon.support.reflect.reference.CtPackageReferenceImpl cannot be cast to spoon.reflect.declaration.CtClass
Parameter 1) CtPackageReferenceImpl: java.lang
2018-06-06 14:27:16,779 INFO spoon.Launcher - Step filter CtClass only) spoon.support.reflect.reference.CtTypeReferenceImpl cannot be cast to spoon.reflect.declaration.CtClass
Parameter 1) CtTypeReferenceImpl: java.lang.Override
2018-06-06 14:27:16,779 INFO spoon.Launcher - Step filter CtClass only) spoon.support.reflect.reference.CtPackageReferenceImpl cannot be cast to spoon.reflect.declaration.CtClass
Parameter 1) CtPackageReferenceImpl: java.lang
2018-06-06 14:27:16,780 INFO spoon.Launcher - Step filter CtClass only) spoon.support.reflect.reference.CtTypeReferenceImpl cannot be cast to spoon.reflect.declaration.CtClass
Parameter 1) CtTypeReferenceImpl: void
2018-06-06 14:27:16,780 INFO spoon.Launcher - Step filter CtClass only) spoon.support.reflect.code.CtBlockImpl cannot be cast to spoon.reflect.declaration.CtClass
Parameter 1) CtBlockImpl: {
    int a = 3;
    super.prepare();
}
2018-06-06 14:27:16,780 INFO spoon.Launcher - Step filter CtClass only) spoon.support.reflect.code.CtLocalVariableImpl cannot be cast to spoon.reflect.declaration.CtClass
Parameter 1) CtLocalVariableImpl: int a = 3
2018-06-06 14:27:16,780 INFO spoon.Launcher - Step filter CtClass only) spoon.support.reflect.reference.CtTypeReferenceImpl cannot be cast to spoon.reflect.declaration.CtClass
Parameter 1) CtTypeReferenceImpl: int
2018-06-06 14:27:16,780 INFO spoon.Launcher - Step filter CtClass only) spoon.support.reflect.code.CtLiteralImpl cannot be cast to spoon.reflect.declaration.CtClass
Parameter 1) CtLiteralImpl: 3
2018-06-06 14:27:16,780 INFO spoon.Launcher - Step filter CtClass only) spoon.support.reflect.reference.CtTypeReferenceImpl cannot be cast to spoon.reflect.declaration.CtClass
Parameter 1) CtTypeReferenceImpl: int
2018-06-06 14:27:16,781 INFO spoon.Launcher - Step filter CtClass only) spoon.support.reflect.code.CtInvocationImpl cannot be cast to spoon.reflect.declaration.CtClass
Parameter 1) CtInvocationImpl: super.prepare()
2018-06-06 14:27:16,781 INFO spoon.Launcher - Step filter CtClass only) spoon.support.reflect.code.CtSuperAccessImpl cannot be cast to spoon.reflect.declaration.CtClass
Parameter 1) CtSuperAccessImpl: super
2018-06-06 14:27:16,781 INFO spoon.Launcher - Step filter CtClass only) spoon.support.reflect.reference.CtLocalVariableReferenceImpl cannot be cast to spoon.reflect.declaration.CtClass
Parameter 1) CtLocalVariableReferenceImpl: 
2018-06-06 14:27:16,781 INFO spoon.Launcher - Step filter CtClass only) spoon.support.reflect.reference.CtTypeReferenceImpl cannot be cast to spoon.reflect.declaration.CtClass
Parameter 1) CtTypeReferenceImpl: spoon.test.filters.testclasses.Tostada
2018-06-06 14:27:16,781 INFO spoon.Launcher - Step filter CtClass only) spoon.support.reflect.reference.CtPackageReferenceImpl cannot be cast to spoon.reflect.declaration.CtClass
Parameter 1) CtPackageReferenceImpl: spoon.test.filters.testclasses
2018-06-06 14:27:16,781 INFO spoon.Launcher - Step filter CtClass only) spoon.support.reflect.reference.CtExecutableReferenceImpl cannot be cast to spoon.reflect.declaration.CtClass
Parameter 1) CtExecutableReferenceImpl: prepare()
2018-06-06 14:27:16,782 INFO spoon.Launcher - Step filter CtClass only) spoon.support.reflect.reference.CtTypeReferenceImpl cannot be cast to spoon.reflect.declaration.CtClass
Parameter 1) CtTypeReferenceImpl: spoon.test.filters.testclasses.Tostada
2018-06-06 14:27:16,782 INFO spoon.Launcher - Step filter CtClass only) spoon.support.reflect.reference.CtPackageReferenceImpl cannot be cast to spoon.reflect.declaration.CtClass
Parameter 1) CtPackageReferenceImpl: spoon.test.filters.testclasses
2018-06-06 14:27:16,782 INFO spoon.Launcher - Step filter CtClass only) spoon.support.reflect.reference.CtTypeReferenceImpl cannot be cast to spoon.reflect.declaration.CtClass
Parameter 1) CtTypeReferenceImpl: void
2018-06-06 14:27:16,782 INFO spoon.Launcher - Step filter CtClass only) spoon.support.reflect.declaration.CtMethodImpl cannot be cast to spoon.reflect.declaration.CtClass
Parameter 1) CtMethodImpl: @java.lang.Override
public void prepare() {
}
2018-06-06 14:27:16,782 INFO spoon.Launcher - Step filter CtClass only) spoon.support.reflect.declaration.CtAnnotationImpl cannot be cast to spoon.reflect.declaration.CtClass
Parameter 1) CtAnnotationImpl: @java.lang.Override
2018-06-06 14:27:16,782 INFO spoon.Launcher - Step filter CtClass only) spoon.support.reflect.reference.CtTypeReferenceImpl cannot be cast to spoon.reflect.declaration.CtClass
Parameter 1) CtTypeReferenceImpl: java.lang.Override
2018-06-06 14:27:16,783 INFO spoon.Launcher - Step filter CtClass only) spoon.support.reflect.reference.CtPackageReferenceImpl cannot be cast to spoon.reflect.declaration.CtClass
Parameter 1) CtPackageReferenceImpl: java.lang
2018-06-06 14:27:16,783 INFO spoon.Launcher - Step filter CtClass only) spoon.support.reflect.reference.CtTypeReferenceImpl cannot be cast to spoon.reflect.declaration.CtClass
Parameter 1) CtTypeReferenceImpl: java.lang.Override
2018-06-06 14:27:16,783 INFO spoon.Launcher - Step filter CtClass only) spoon.support.reflect.reference.CtPackageReferenceImpl cannot be cast to spoon.reflect.declaration.CtClass
Parameter 1) CtPackageReferenceImpl: java.lang
2018-06-06 14:27:16,783 INFO spoon.Launcher - Step filter CtClass only) spoon.support.reflect.reference.CtTypeReferenceImpl cannot be cast to spoon.reflect.declaration.CtClass
Parameter 1) CtTypeReferenceImpl: void
2018-06-06 14:27:16,783 INFO spoon.Launcher - Step filter CtClass only) spoon.support.reflect.code.CtBlockImpl cannot be cast to spoon.reflect.declaration.CtClass
Parameter 1) CtBlockImpl: {
}
2018-06-06 14:27:16,783 INFO spoon.Launcher - Step filter CtClass only) spoon.support.reflect.declaration.CtMethodImpl cannot be cast to spoon.reflect.declaration.CtClass
Parameter 1) CtMethodImpl: @java.lang.Override
public java.lang.String toString() {
    return "";
}
2018-06-06 14:27:16,784 INFO spoon.Launcher - Step filter CtClass only) spoon.support.reflect.declaration.CtAnnotationImpl cannot be cast to spoon.reflect.declaration.CtClass
Parameter 1) CtAnnotationImpl: @java.lang.Override
2018-06-06 14:27:16,784 INFO spoon.Launcher - Step filter CtClass only) spoon.support.reflect.reference.CtTypeReferenceImpl cannot be cast to spoon.reflect.declaration.CtClass
Parameter 1) CtTypeReferenceImpl: java.lang.Override
2018-06-06 14:27:16,784 INFO spoon.Launcher - Step filter CtClass only) spoon.support.reflect.reference.CtPackageReferenceImpl cannot be cast to spoon.reflect.declaration.CtClass
Parameter 1) CtPackageReferenceImpl: java.lang
2018-06-06 14:27:16,784 INFO spoon.Launcher - Step filter CtClass only) spoon.support.reflect.reference.CtTypeReferenceImpl cannot be cast to spoon.reflect.declaration.CtClass
Parameter 1) CtTypeReferenceImpl: java.lang.Override
2018-06-06 14:27:16,784 INFO spoon.Launcher - Step filter CtClass only) spoon.support.reflect.reference.CtPackageReferenceImpl cannot be cast to spoon.reflect.declaration.CtClass
Parameter 1) CtPackageReferenceImpl: java.lang
2018-06-06 14:27:16,784 INFO spoon.Launcher - Step filter CtClass only) spoon.support.reflect.reference.CtTypeReferenceImpl cannot be cast to spoon.reflect.declaration.CtClass
Parameter 1) CtTypeReferenceImpl: java.lang.String
2018-06-06 14:27:16,784 INFO spoon.Launcher - Step filter CtClass only) spoon.support.reflect.reference.CtPackageReferenceImpl cannot be cast to spoon.reflect.declaration.CtClass
Parameter 1) CtPackageReferenceImpl: java.lang
2018-06-06 14:27:16,784 INFO spoon.Launcher - Step filter CtClass only) spoon.support.reflect.code.CtBlockImpl cannot be cast to spoon.reflect.declaration.CtClass
Parameter 1) CtBlockImpl: {
    return "";
}
2018-06-06 14:27:16,785 INFO spoon.Launcher - Step filter CtClass only) spoon.support.reflect.code.CtReturnImpl cannot be cast to spoon.reflect.declaration.CtClass
Parameter 1) CtReturnImpl: return ""
2018-06-06 14:27:16,785 INFO spoon.Launcher - Step filter CtClass only) spoon.support.reflect.code.CtLiteralImpl cannot be cast to spoon.reflect.declaration.CtClass
Parameter 1) CtLiteralImpl: ""
2018-06-06 14:27:16,785 INFO spoon.Launcher - Step filter CtClass only) spoon.support.reflect.reference.CtTypeReferenceImpl cannot be cast to spoon.reflect.declaration.CtClass
Parameter 1) CtTypeReferenceImpl: java.lang.String
2018-06-06 14:27:16,785 INFO spoon.Launcher - Step filter CtClass only) spoon.support.reflect.reference.CtPackageReferenceImpl cannot be cast to spoon.reflect.declaration.CtClass
Parameter 1) CtPackageReferenceImpl: java.lang
2018-06-06 14:27:16,785 INFO spoon.Launcher - Step filter CtClass only) spoon.support.reflect.declaration.CtMethodImpl cannot be cast to spoon.reflect.declaration.CtClass
Parameter 1) CtMethodImpl: @java.lang.Override
public void honey() {
}
2018-06-06 14:27:16,785 INFO spoon.Launcher - Step filter CtClass only) spoon.support.reflect.declaration.CtAnnotationImpl cannot be cast to spoon.reflect.declaration.CtClass
Parameter 1) CtAnnotationImpl: @java.lang.Override
2018-06-06 14:27:16,786 INFO spoon.Launcher - Step filter CtClass only) spoon.support.reflect.reference.CtTypeReferenceImpl cannot be cast to spoon.reflect.declaration.CtClass
Parameter 1) CtTypeReferenceImpl: java.lang.Override
2018-06-06 14:27:16,786 INFO spoon.Launcher - Step filter CtClass only) spoon.support.reflect.reference.CtPackageReferenceImpl cannot be cast to spoon.reflect.declaration.CtClass
Parameter 1) CtPackageReferenceImpl: java.lang
2018-06-06 14:27:16,786 INFO spoon.Launcher - Step filter CtClass only) spoon.support.reflect.reference.CtTypeReferenceImpl cannot be cast to spoon.reflect.declaration.CtClass
Parameter 1) CtTypeReferenceImpl: java.lang.Override
2018-06-06 14:27:16,786 INFO spoon.Launcher - Step filter CtClass only) spoon.support.reflect.reference.CtPackageReferenceImpl cannot be cast to spoon.reflect.declaration.CtClass
Parameter 1) CtPackageReferenceImpl: java.lang
2018-06-06 14:27:16,786 INFO spoon.Launcher - Step filter CtClass only) spoon.support.reflect.reference.CtTypeReferenceImpl cannot be cast to spoon.reflect.declaration.CtClass
Parameter 1) CtTypeReferenceImpl: void
2018-06-06 14:27:16,786 INFO spoon.Launcher - Step filter CtClass only) spoon.support.reflect.code.CtBlockImpl cannot be cast to spoon.reflect.declaration.CtClass
Parameter 1) CtBlockImpl: {
}
2018-06-06 14:27:16,786 INFO spoon.Launcher - Step filter CtClass only) spoon.support.reflect.declaration.CtMethodImpl cannot be cast to spoon.reflect.declaration.CtClass
Parameter 1) CtMethodImpl: public void foo() {
}
2018-06-06 14:27:16,787 INFO spoon.Launcher - Step filter CtClass only) spoon.support.reflect.reference.CtTypeReferenceImpl cannot be cast to spoon.reflect.declaration.CtClass
Parameter 1) CtTypeReferenceImpl: void
2018-06-06 14:27:16,787 INFO spoon.Launcher - Step filter CtClass only) spoon.support.reflect.code.CtBlockImpl cannot be cast to spoon.reflect.declaration.CtClass
Parameter 1) CtBlockImpl: {
}
[INFO] Tests run: 43, Failures: 0, Errors: 0, Skipped: 0, Time elapsed: 4.035 s - in spoon.test.filters.FilterTest
[INFO] Running spoon.processing.CtGenerationTest
[INFO] Tests run: 4, Failures: 0, Errors: 0, Skipped: 0, Time elapsed: 56.725 s - in spoon.processing.CtGenerationTest
[INFO] Running spoon.processing.ProcessingTest
[INFO] Tests run: 2, Failures: 0, Errors: 0, Skipped: 0, Time elapsed: 0.065 s - in spoon.processing.ProcessingTest
[INFO] Running spoon.LauncherTest
[INFO] Tests run: 4, Failures: 0, Errors: 0, Skipped: 0, Time elapsed: 0.143 s - in spoon.LauncherTest
[INFO] Running spoon.support.compiler.classpath.ComputeClasspathTest
[INFO] Tests run: 1, Failures: 0, Errors: 0, Skipped: 0, Time elapsed: 0.001 s - in spoon.support.compiler.classpath.ComputeClasspathTest
[INFO] Running spoon.support.compiler.jdt.JDTBatchCompilerTest
[INFO] Tests run: 1, Failures: 0, Errors: 0, Skipped: 0, Time elapsed: 0.067 s - in spoon.support.compiler.jdt.JDTBatchCompilerTest
[INFO] Running spoon.support.compiler.jdt.JDTBasedSpoonCompilerTest
[INFO] Tests run: 1, Failures: 0, Errors: 0, Skipped: 0, Time elapsed: 1.975 s - in spoon.support.compiler.jdt.JDTBasedSpoonCompilerTest
[INFO] Running spoon.support.compiler.jdt.JDTBuilderTest
[INFO] Tests run: 1, Failures: 0, Errors: 0, Skipped: 0, Time elapsed: 0 s - in spoon.support.compiler.jdt.JDTBuilderTest
[INFO] Running spoon.support.compiler.jdt.ExtendedStringLiteralTest
[INFO] Tests run: 1, Failures: 0, Errors: 0, Skipped: 0, Time elapsed: 0.037 s - in spoon.support.compiler.jdt.ExtendedStringLiteralTest
[INFO] Running spoon.support.visitor.java.JavaReflectionTreeBuilderTest
[INFO] Tests run: 9, Failures: 0, Errors: 0, Skipped: 0, Time elapsed: 0.074 s - in spoon.support.visitor.java.JavaReflectionTreeBuilderTest
[INFO] 
[INFO] Results:
[INFO] 
[ERROR] Failures: 
[ERROR]   MavenLauncherTest.mavenLauncherTestMultiModulesAndVariables:70 Content of classpath: 
[ERROR]   MavenLauncherTest.spoonMavenLauncherTest:19 expected:<7> but was:<0>
[ERROR]   CommentTest.testBlockComment:464 expected:<51> but was:<52>
[ERROR]   CommentTest.testInLineComment:266 expected:<66> but was:<67>
[INFO] 
[ERROR] Tests run: 1411, Failures: 4, Errors: 0, Skipped: 4
[INFO] 
[INFO] ------------------------------------------------------------------------
[INFO] BUILD FAILURE
[INFO] ------------------------------------------------------------------------
[INFO] Total time: 09:12 min
[INFO] Finished at: 2018-06-06T14:28:16+02:00
[INFO] Final Memory: 25M/593M
[INFO] ------------------------------------------------------------------------
[ERROR] Failed to execute goal org.apache.maven.plugins:maven-surefire-plugin:2.20.1:test (default-test) on project spoon-core: There are test failures.
[ERROR] 
[ERROR] Please refer to /root/workspace/INRIA/spoon/369997088/target/surefire-reports for the individual test results.
[ERROR] Please refer to dump files (if any exist) [date]-jvmRun[N].dump, [date].dumpstream and [date]-jvmRun[N].dumpstream.
[ERROR] -> [Help 1]
[ERROR] 
[ERROR] To see the full stack trace of the errors, re-run Maven with the -e switch.
[ERROR] Re-run Maven using the -X switch to enable full debug logging.
[ERROR] 
[ERROR] For more information about the errors and possible solutions, please read the following articles:
[ERROR] [Help 1] http://cwiki.apache.org/confluence/display/MAVEN/MojoFailureException
